<!DOCTYPE html>
<html>
  <head>
    <meta charset="utf-8"/>
    <title id="head-title">report.html</title>
      <style type="text/css">body {
  font-family: Helvetica, Arial, sans-serif;
  font-size: 12px;
  /* do not increase min-width as some may use split screens */
  min-width: 800px;
  color: #999;
}

h1 {
  font-size: 24px;
  color: black;
}

h2 {
  font-size: 16px;
  color: black;
}

p {
  color: black;
}

a {
  color: #999;
}

table {
  border-collapse: collapse;
}

/******************************
 * SUMMARY INFORMATION
 ******************************/
#environment td {
  padding: 5px;
  border: 1px solid #e6e6e6;
  vertical-align: top;
}
#environment tr:nth-child(odd) {
  background-color: #f6f6f6;
}
#environment ul {
  margin: 0;
  padding: 0 20px;
}

/******************************
 * TEST RESULT COLORS
 ******************************/
span.passed,
.passed .col-result {
  color: green;
}

span.skipped,
span.xfailed,
span.rerun,
.skipped .col-result,
.xfailed .col-result,
.rerun .col-result {
  color: orange;
}

span.error,
span.failed,
span.xpassed,
.error .col-result,
.failed .col-result,
.xpassed .col-result {
  color: red;
}

.col-links__extra {
  margin-right: 3px;
}

/******************************
 * RESULTS TABLE
 *
 * 1. Table Layout
 * 2. Extra
 * 3. Sorting items
 *
 ******************************/
/*------------------
 * 1. Table Layout
 *------------------*/
#results-table {
  border: 1px solid #e6e6e6;
  color: #999;
  font-size: 12px;
  width: 100%;
}
#results-table th,
#results-table td {
  padding: 5px;
  border: 1px solid #e6e6e6;
  text-align: left;
}
#results-table th {
  font-weight: bold;
}

/*------------------
 * 2. Extra
 *------------------*/
.logwrapper {
  max-height: 230px;
  overflow-y: scroll;
  background-color: #e6e6e6;
}
.logwrapper.expanded {
  max-height: none;
}
.logwrapper.expanded .logexpander:after {
  content: "collapse [-]";
}
.logwrapper .logexpander {
  z-index: 1;
  position: sticky;
  top: 10px;
  width: max-content;
  border: 1px solid;
  border-radius: 3px;
  padding: 5px 7px;
  margin: 10px 0 10px calc(100% - 80px);
  cursor: pointer;
  background-color: #e6e6e6;
}
.logwrapper .logexpander:after {
  content: "expand [+]";
}
.logwrapper .logexpander:hover {
  color: #000;
  border-color: #000;
}
.logwrapper .log {
  min-height: 40px;
  position: relative;
  top: -50px;
  height: calc(100% + 50px);
  border: 1px solid #e6e6e6;
  color: black;
  display: block;
  font-family: "Courier New", Courier, monospace;
  padding: 5px;
  padding-right: 80px;
  white-space: pre-wrap;
}

div.media {
  border: 1px solid #e6e6e6;
  float: right;
  height: 240px;
  margin: 0 5px;
  overflow: hidden;
  width: 320px;
}

.media-container {
  display: grid;
  grid-template-columns: 25px auto 25px;
  align-items: center;
  flex: 1 1;
  overflow: hidden;
  height: 200px;
}

.media-container--fullscreen {
  grid-template-columns: 0px auto 0px;
}

.media-container__nav--right,
.media-container__nav--left {
  text-align: center;
  cursor: pointer;
}

.media-container__viewport {
  cursor: pointer;
  text-align: center;
  height: inherit;
}
.media-container__viewport img,
.media-container__viewport video {
  object-fit: cover;
  width: 100%;
  max-height: 100%;
}

.media__name,
.media__counter {
  display: flex;
  flex-direction: row;
  justify-content: space-around;
  flex: 0 0 25px;
  align-items: center;
}

.collapsible td:not(.col-links) {
  cursor: pointer;
}
.collapsible td:not(.col-links):hover::after {
  color: #bbb;
  font-style: italic;
  cursor: pointer;
}

.col-result {
  width: 130px;
}
.col-result:hover::after {
  content: " (hide details)";
}

.col-result.collapsed:hover::after {
  content: " (show details)";
}

#environment-header h2:hover::after {
  content: " (hide details)";
  color: #bbb;
  font-style: italic;
  cursor: pointer;
  font-size: 12px;
}

#environment-header.collapsed h2:hover::after {
  content: " (show details)";
  color: #bbb;
  font-style: italic;
  cursor: pointer;
  font-size: 12px;
}

/*------------------
 * 3. Sorting items
 *------------------*/
.sortable {
  cursor: pointer;
}
.sortable.desc:after {
  content: " ";
  position: relative;
  left: 5px;
  bottom: -12.5px;
  border: 10px solid #4caf50;
  border-bottom: 0;
  border-left-color: transparent;
  border-right-color: transparent;
}
.sortable.asc:after {
  content: " ";
  position: relative;
  left: 5px;
  bottom: 12.5px;
  border: 10px solid #4caf50;
  border-top: 0;
  border-left-color: transparent;
  border-right-color: transparent;
}

.hidden, .summary__reload__button.hidden {
  display: none;
}

.summary__data {
  flex: 0 0 550px;
}
.summary__reload {
  flex: 1 1;
  display: flex;
  justify-content: center;
}
.summary__reload__button {
  flex: 0 0 300px;
  display: flex;
  color: white;
  font-weight: bold;
  background-color: #4caf50;
  text-align: center;
  justify-content: center;
  align-items: center;
  border-radius: 3px;
  cursor: pointer;
}
.summary__reload__button:hover {
  background-color: #46a049;
}
.summary__spacer {
  flex: 0 0 550px;
}

.controls {
  display: flex;
  justify-content: space-between;
}

.filters,
.collapse {
  display: flex;
  align-items: center;
}
.filters button,
.collapse button {
  color: #999;
  border: none;
  background: none;
  cursor: pointer;
  text-decoration: underline;
}
.filters button:hover,
.collapse button:hover {
  color: #ccc;
}

.filter__label {
  margin-right: 10px;
}

      </style>
    
  </head>
  <body>
    <h1 id="title">report.html</h1>
    <p>Report generated on 11-Nov-2025 at 15:52:40 by <a href="https://pypi.python.org/pypi/pytest-html">pytest-html</a>
        v4.1.1</p>
    <div id="environment-header">
      <h2>Environment</h2>
    </div>
    <table id="environment"></table>
    <!-- TEMPLATES -->
      <template id="template_environment_row">
      <tr>
        <td></td>
        <td></td>
      </tr>
    </template>
    <template id="template_results-table__body--empty">
      <tbody class="results-table-row">
        <tr id="not-found-message">
          <td colspan="4">No results found. Check the filters.</th>
        </tr>
    </template>
    <template id="template_results-table__tbody">
      <tbody class="results-table-row">
        <tr class="collapsible">
        </tr>
        <tr class="extras-row">
          <td class="extra" colspan="4">
            <div class="extraHTML"></div>
            <div class="media">
              <div class="media-container">
                  <div class="media-container__nav--left"><</div>
                  <div class="media-container__viewport">
                    <img src="" />
                    <video controls>
                      <source src="" type="video/mp4">
                    </video>
                  </div>
                  <div class="media-container__nav--right">></div>
                </div>
                <div class="media__name"></div>
                <div class="media__counter"></div>
            </div>
            <div class="logwrapper">
              <div class="logexpander"></div>
              <div class="log"></div>
            </div>
          </td>
        </tr>
      </tbody>
    </template>
    <!-- END TEMPLATES -->
    <div class="summary">
      <div class="summary__data">
        <h2>Summary</h2>
        <div class="additional-summary prefix">
        </div>
        <p class="run-count">44 tests took 00:35:39.</p>
        <p class="filter">(Un)check the boxes to filter the results.</p>
        <div class="summary__reload">
          <div class="summary__reload__button hidden" onclick="location.reload()">
            <div>There are still tests running. <br />Reload this page to get the latest results!</div>
          </div>
        </div>
        <div class="summary__spacer"></div>
        <div class="controls">
          <div class="filters">
            <input checked="true" class="filter" name="filter_checkbox" type="checkbox" data-test-result="failed" />
            <span class="failed">3 Failed,</span>
            <input checked="true" class="filter" name="filter_checkbox" type="checkbox" data-test-result="passed" />
            <span class="passed">41 Passed,</span>
            <input checked="true" class="filter" name="filter_checkbox" type="checkbox" data-test-result="skipped" disabled/>
            <span class="skipped">0 Skipped,</span>
            <input checked="true" class="filter" name="filter_checkbox" type="checkbox" data-test-result="xfailed" disabled/>
            <span class="xfailed">0 Expected failures,</span>
            <input checked="true" class="filter" name="filter_checkbox" type="checkbox" data-test-result="xpassed" disabled/>
            <span class="xpassed">0 Unexpected passes,</span>
            <input checked="true" class="filter" name="filter_checkbox" type="checkbox" data-test-result="error" />
            <span class="error">10 Errors,</span>
            <input checked="true" class="filter" name="filter_checkbox" type="checkbox" data-test-result="rerun" disabled/>
            <span class="rerun">0 Reruns</span>
          </div>
          <div class="collapse">
            <button id="show_all_details">Show all details</button>&nbsp;/&nbsp;<button id="hide_all_details">Hide all details</button>
          </div>
        </div>
      </div>
      <div class="additional-summary summary">
      </div>
      <div class="additional-summary postfix">
      </div>
    </div>
    <table id="results-table">
      <thead id="results-table-head">
        <tr>
          <th class="sortable" data-column-type="result">Result</th>
          <th class="sortable" data-column-type="testId">Test</th>
          <th class="sortable" data-column-type="duration">Duration</th>
          <th>Links</th>
        </tr>
      </thead>
    </table>
  </body>
  <footer>
    <div id="data-container" data-jsonblob="{&#34;environment&#34;: {&#34;Python&#34;: &#34;3.14.0&#34;, &#34;Platform&#34;: &#34;Windows-11-10.0.26100-SP0&#34;, &#34;Packages&#34;: {&#34;pytest&#34;: &#34;8.4.2&#34;, &#34;pluggy&#34;: &#34;1.6.0&#34;}, &#34;Plugins&#34;: {&#34;html&#34;: &#34;4.1.1&#34;, &#34;metadata&#34;: &#34;3.1.1&#34;}, &#34;JAVA_HOME&#34;: &#34;C:\\Program Files\\Java\\jdk-21&#34;}, &#34;tests&#34;: {&#34;project_root/tests/test_AI_image_making.py::test_CADV090_image_generation&#34;: [{&#34;extras&#34;: [], &#34;result&#34;: &#34;Error&#34;, &#34;testId&#34;: &#34;project_root/tests/test_AI_image_making.py::test_CADV090_image_generation::setup&#34;, &#34;duration&#34;: &#34;00:00:24&#34;, &#34;resultsTableRow&#34;: [&#34;&lt;td class=\&#34;col-result\&#34;&gt;Error&lt;/td&gt;&#34;, &#34;&lt;td class=\&#34;col-testId\&#34;&gt;project_root/tests/test_AI_image_making.py::test_CADV090_image_generation::setup&lt;/td&gt;&#34;, &#34;&lt;td class=\&#34;col-duration\&#34;&gt;00:00:24&lt;/td&gt;&#34;, &#34;&lt;td class=\&#34;col-links\&#34;&gt;&lt;/td&gt;&#34;], &#34;log&#34;: &#34;file C:\\Users\\\uac15\ud574\ub9ac\\team2_project\\project_root\\tests\\test_AI_image_making.py, line 10\n  def test_CADV090_image_generation(driver, login, click_plus, send_test_message):\nE       fixture &amp;#x27;click_plus&amp;#x27; not found\n&amp;gt;       available fixtures: cache, capfd, capfdbinary, caplog, capsys, capsysbinary, capteesys, doctest_namespace, driver, extra, extras, include_metadata_in_junit_xml, login, metadata, monkeypatch, new_agent, pytestconfig, record_property, record_testsuite_property, record_xml_attribute, recwarn, send_test_message, tmp_path, tmp_path_factory, tmpdir, tmpdir_factory\n&amp;gt;       use &amp;#x27;pytest --fixtures [testpath]&amp;#x27; for help on them.\n\nC:\\Users\\\uac15\ud574\ub9ac\\team2_project\\project_root\\tests\\test_AI_image_making.py:10\n&#34;}], &#34;project_root/tests/test_agent_btn.py::test_HIST018_agent_btn&#34;: [{&#34;extras&#34;: [], &#34;result&#34;: &#34;Passed&#34;, &#34;testId&#34;: &#34;project_root/tests/test_agent_btn.py::test_HIST018_agent_btn&#34;, &#34;duration&#34;: &#34;00:00:31&#34;, &#34;resultsTableRow&#34;: [&#34;&lt;td class=\&#34;col-result\&#34;&gt;Passed&lt;/td&gt;&#34;, &#34;&lt;td class=\&#34;col-testId\&#34;&gt;project_root/tests/test_agent_btn.py::test_HIST018_agent_btn&lt;/td&gt;&#34;, &#34;&lt;td class=\&#34;col-duration\&#34;&gt;00:00:31&lt;/td&gt;&#34;, &#34;&lt;td class=\&#34;col-links\&#34;&gt;&lt;/td&gt;&#34;], &#34;log&#34;: &#34;----------------------------- Captured stdout call -----------------------------\n\u2705 [PASS] \uc5d0\uc774\uc804\ud2b8 \ubc84\ud2bc \uc2e4\ud589 \uc644\ub8cc\n&#34;}], &#34;project_root/tests/test_agent_list.py::test_CSTM020_agent_list&#34;: [{&#34;extras&#34;: [], &#34;result&#34;: &#34;Passed&#34;, &#34;testId&#34;: &#34;project_root/tests/test_agent_list.py::test_CSTM020_agent_list&#34;, &#34;duration&#34;: &#34;00:00:33&#34;, &#34;resultsTableRow&#34;: [&#34;&lt;td class=\&#34;col-result\&#34;&gt;Passed&lt;/td&gt;&#34;, &#34;&lt;td class=\&#34;col-testId\&#34;&gt;project_root/tests/test_agent_list.py::test_CSTM020_agent_list&lt;/td&gt;&#34;, &#34;&lt;td class=\&#34;col-duration\&#34;&gt;00:00:33&lt;/td&gt;&#34;, &#34;&lt;td class=\&#34;col-links\&#34;&gt;&lt;/td&gt;&#34;], &#34;log&#34;: &#34;----------------------------- Captured stdout call -----------------------------\n\n\ud604\uc7ac \uc5d0\uc774\uc804\ud2b8 \ubaa9\ub85d \uac2f\uc218 : 2\n\n\ucd5c\uc885 \ub85c\ub4dc\ub41c \uc5d0\uc774\uc804\ud2b8 \ubaa9\ub85d \uac2f\uc218 = 34\n\n\u2705 [PASS] \uc5d0\uc774\uc804\ud2b8 \ubaa9\ub85d \ud655\uc778 \uc131\uacf5\n&#34;}], &#34;project_root/tests/test_agent_newchat.py::test_HIST025_agent_btn&#34;: [{&#34;extras&#34;: [], &#34;result&#34;: &#34;Passed&#34;, &#34;testId&#34;: &#34;project_root/tests/test_agent_newchat.py::test_HIST025_agent_btn&#34;, &#34;duration&#34;: &#34;00:00:43&#34;, &#34;resultsTableRow&#34;: [&#34;&lt;td class=\&#34;col-result\&#34;&gt;Passed&lt;/td&gt;&#34;, &#34;&lt;td class=\&#34;col-testId\&#34;&gt;project_root/tests/test_agent_newchat.py::test_HIST025_agent_btn&lt;/td&gt;&#34;, &#34;&lt;td class=\&#34;col-duration\&#34;&gt;00:00:43&lt;/td&gt;&#34;, &#34;&lt;td class=\&#34;col-links\&#34;&gt;&lt;/td&gt;&#34;], &#34;log&#34;: &#34;----------------------------- Captured stdout call -----------------------------\n\uc800\ub294 OpenAI\uc5d0\uc11c \uac1c\ubc1c\ud55c AI \uc5b8\uc5b4 \ubaa8\ub378\uc778 ChatGPT\uc785\ub2c8\ub2e4. \uc0ac\uc6a9\uc790\uc640 \ub300\ud654\ud558\uba70 \ub2e4\uc591\ud55c \uc9c8\ubb38\uc5d0 \ub300\ud55c \ub2f5\ubcc0\uc744 \uc81c\uacf5\ud558\uace0, \uc815\ubcf4 \uac80\uc0c9, \uae00\uc4f0\uae30, \ubb38\uc81c \ud574\uacb0 \ub4f1 \uc5ec\ub7ec \uac00\uc9c0 \uc791\uc5c5\uc744 \uc9c0\uc6d0\ud558\ub294 \uc5ed\ud560\uc744 \ud569\ub2c8\ub2e4. \uc790\uc5f0\uc5b4 \ucc98\ub9ac \uae30\uc220\uc744 \uc0ac\uc6a9\ud558\uc5ec \uc0ac\ub78c\uc774 \uc785\ub825\ud55c \ud14d\uc2a4\ud2b8\ub97c \uc774\ud574\ud558\uace0 \uc801\uc808\ud55c \uc751\ub2f5\uc744 \uc0dd\uc131\ud569\ub2c8\ub2e4. \ud544\uc694\ud558\uc2e0 \uc815\ubcf4\ub098 \ub3c4\uc6c0\uc774 \ud544\uc694\ud558\uc2dc\uba74 \uc5b8\uc81c\ub4e0\uc9c0 \uc9c8\ubb38\ud574 \uc8fc\uc138\uc694!\n\u2705 [PASS] \uc5d0\uc774\uc804\ud2b8 \uc0c8 \ucc44\ud305 \uc0dd\uc131 \uc131\uacf5\n&#34;}], &#34;project_root/tests/test_agent_preview.py::test_CSTM019_agent_preview&#34;: [{&#34;extras&#34;: [], &#34;result&#34;: &#34;Passed&#34;, &#34;testId&#34;: &#34;project_root/tests/test_agent_preview.py::test_CSTM019_agent_preview&#34;, &#34;duration&#34;: &#34;00:00:54&#34;, &#34;resultsTableRow&#34;: [&#34;&lt;td class=\&#34;col-result\&#34;&gt;Passed&lt;/td&gt;&#34;, &#34;&lt;td class=\&#34;col-testId\&#34;&gt;project_root/tests/test_agent_preview.py::test_CSTM019_agent_preview&lt;/td&gt;&#34;, &#34;&lt;td class=\&#34;col-duration\&#34;&gt;00:00:54&lt;/td&gt;&#34;, &#34;&lt;td class=\&#34;col-links\&#34;&gt;&lt;/td&gt;&#34;], &#34;log&#34;: &#34;----------------------------- Captured stdout call -----------------------------\n\u2705 [PASS] \uc5d0\uc774\uc804\ud2b8 \uc0dd\uc131 \uc644\ub8cc\n&#34;}], &#34;project_root/tests/test_ans_copy.py::test_CBAS015_ans_copy&#34;: [{&#34;extras&#34;: [], &#34;result&#34;: &#34;Passed&#34;, &#34;testId&#34;: &#34;project_root/tests/test_ans_copy.py::test_CBAS015_ans_copy&#34;, &#34;duration&#34;: &#34;00:00:37&#34;, &#34;resultsTableRow&#34;: [&#34;&lt;td class=\&#34;col-result\&#34;&gt;Passed&lt;/td&gt;&#34;, &#34;&lt;td class=\&#34;col-testId\&#34;&gt;project_root/tests/test_ans_copy.py::test_CBAS015_ans_copy&lt;/td&gt;&#34;, &#34;&lt;td class=\&#34;col-duration\&#34;&gt;00:00:37&lt;/td&gt;&#34;, &#34;&lt;td class=\&#34;col-links\&#34;&gt;&lt;/td&gt;&#34;], &#34;log&#34;: &#34;----------------------------- Captured stdout call -----------------------------\n\u2705 [PASS] \uc9c8\ubb38 \uc804\uc1a1 \uc644\ub8cc\n\u2705 [PASS] \ud074\ub9bd\ubcf4\ub4dc \ubcf5\uc0ac \ubc84\ud2bc \ud074\ub9ad \uc644\ub8cc\n\u2705 [PASS] \ud074\ub9bd\ubcf4\ub4dc \ubcf5\uc0ac \uc544\uc774\ucf58 \uccb4\ud06c \ud45c\uc2dc\ub85c \ubcc0\uacbd\n\u2705 [PASS] \ubd99\uc5ec\ub123\uae30 \uc131\uacf5\n&#34;}], &#34;project_root/tests/test_ans_dislike.py::test_CBAS037_ans_dislike&#34;: [{&#34;extras&#34;: [], &#34;result&#34;: &#34;Passed&#34;, &#34;testId&#34;: &#34;project_root/tests/test_ans_dislike.py::test_CBAS037_ans_dislike&#34;, &#34;duration&#34;: &#34;00:00:44&#34;, &#34;resultsTableRow&#34;: [&#34;&lt;td class=\&#34;col-result\&#34;&gt;Passed&lt;/td&gt;&#34;, &#34;&lt;td class=\&#34;col-testId\&#34;&gt;project_root/tests/test_ans_dislike.py::test_CBAS037_ans_dislike&lt;/td&gt;&#34;, &#34;&lt;td class=\&#34;col-duration\&#34;&gt;00:00:44&lt;/td&gt;&#34;, &#34;&lt;td class=\&#34;col-links\&#34;&gt;&lt;/td&gt;&#34;], &#34;log&#34;: &#34;----------------------------- Captured stdout call -----------------------------\n\u2705 [PASS] \uc9c8\ubb38 \uc804\uc1a1 \uc644\ub8cc\n\u2705 [PASS] \uc2eb\uc5b4\uc694 \ubc84\ud2bc \ud074\ub9ad \uc644\ub8cc\n\u2705 [PASS] \ud53c\ub4dc\ubc31\uc774 \uc5c5\ub370\uc774\ud2b8\ub418\uc5c8\uc2b5\ub2c8\ub2e4\n\u2705 [PASS] \uc2eb\uc5b4\uc694 \uc131\uacf5 \ubc0f \ubc84\ud2bc \ube68\uac04\uc0c9 \uc801\uc6a9\n\u2705 [PASS] \uc2eb\uc5b4\uc694 \ubc84\ud2bc \uc7ac\ud074\ub9ad \uc644\ub8cc\n\u2705 [PASS] \ud53c\ub4dc\ubc31\uc774 \uc5c5\ub370\uc774\ud2b8\ub418\uc5c8\uc2b5\ub2c8\ub2e4\n\u2705 [PASS] \uc88b\uc544\uc694 \ucde8\uc18c \ubc0f \ubc84\ud2bc \uac80\uc815\uc0c9 \uc801\uc6a9\n&#34;}], &#34;project_root/tests/test_ans_like.py::test_CBAS020_ans_like&#34;: [{&#34;extras&#34;: [], &#34;result&#34;: &#34;Passed&#34;, &#34;testId&#34;: &#34;project_root/tests/test_ans_like.py::test_CBAS020_ans_like&#34;, &#34;duration&#34;: &#34;00:00:42&#34;, &#34;resultsTableRow&#34;: [&#34;&lt;td class=\&#34;col-result\&#34;&gt;Passed&lt;/td&gt;&#34;, &#34;&lt;td class=\&#34;col-testId\&#34;&gt;project_root/tests/test_ans_like.py::test_CBAS020_ans_like&lt;/td&gt;&#34;, &#34;&lt;td class=\&#34;col-duration\&#34;&gt;00:00:42&lt;/td&gt;&#34;, &#34;&lt;td class=\&#34;col-links\&#34;&gt;&lt;/td&gt;&#34;], &#34;log&#34;: &#34;----------------------------- Captured stdout call -----------------------------\n\u2705 [PASS] \uc9c8\ubb38 \uc804\uc1a1 \uc644\ub8cc\n\u2705 [PASS] \uc88b\uc544\uc694 \ubc84\ud2bc \ud074\ub9ad \uc644\ub8cc\n\u2705 [PASS] \ud53c\ub4dc\ubc31\uc774 \uc5c5\ub370\uc774\ud2b8\ub418\uc5c8\uc2b5\ub2c8\ub2e4\n\u2705 [PASS] \uc88b\uc544\uc694 \uc131\uacf5 \ubc0f \ubc84\ud2bc \ucd08\ub85d\uc0c9 \uc801\uc6a9\n\u2705 [PASS] \uc88b\uc544\uc694 \ubc84\ud2bc \uc7ac\ud074\ub9ad \uc644\ub8cc\n\u2705 [PASS] \ud53c\ub4dc\ubc31\uc774 \uc5c5\ub370\uc774\ud2b8\ub418\uc5c8\uc2b5\ub2c8\ub2e4\n\u2705 [PASS] \uc88b\uc544\uc694 \ucde8\uc18c \ubc0f \ubc84\ud2bc \uac80\uc815\uc0c9 \uc801\uc6a9\n&#34;}], &#34;project_root/tests/test_chat_basic.py::test_CBAS001_chat_basic&#34;: [{&#34;extras&#34;: [], &#34;result&#34;: &#34;Passed&#34;, &#34;testId&#34;: &#34;project_root/tests/test_chat_basic.py::test_CBAS001_chat_basic&#34;, &#34;duration&#34;: &#34;00:00:41&#34;, &#34;resultsTableRow&#34;: [&#34;&lt;td class=\&#34;col-result\&#34;&gt;Passed&lt;/td&gt;&#34;, &#34;&lt;td class=\&#34;col-testId\&#34;&gt;project_root/tests/test_chat_basic.py::test_CBAS001_chat_basic&lt;/td&gt;&#34;, &#34;&lt;td class=\&#34;col-duration\&#34;&gt;00:00:41&lt;/td&gt;&#34;, &#34;&lt;td class=\&#34;col-links\&#34;&gt;&lt;/td&gt;&#34;], &#34;log&#34;: &#34;----------------------------- Captured stdout call -----------------------------\n\u2705 [PASS] \uc9c8\ubb38 \uc804\uc1a1 \uc644\ub8cc\n\u2705 [PASS] AI \uc751\ub2f5 \ud655\uc778 \uc644\ub8cc\n&#34;}], &#34;project_root/tests/test_chat_button_disabled.py::test_CBAS003_button_disabled_when_empty&#34;: [{&#34;extras&#34;: [], &#34;result&#34;: &#34;Passed&#34;, &#34;testId&#34;: &#34;project_root/tests/test_chat_button_disabled.py::test_CBAS003_button_disabled_when_empty&#34;, &#34;duration&#34;: &#34;00:00:30&#34;, &#34;resultsTableRow&#34;: [&#34;&lt;td class=\&#34;col-result\&#34;&gt;Passed&lt;/td&gt;&#34;, &#34;&lt;td class=\&#34;col-testId\&#34;&gt;project_root/tests/test_chat_button_disabled.py::test_CBAS003_button_disabled_when_empty&lt;/td&gt;&#34;, &#34;&lt;td class=\&#34;col-duration\&#34;&gt;00:00:30&lt;/td&gt;&#34;, &#34;&lt;td class=\&#34;col-links\&#34;&gt;&lt;/td&gt;&#34;], &#34;log&#34;: &#34;----------------------------- Captured stdout call -----------------------------\n\u2705 [PASS] \uc804\uc1a1 \ubc84\ud2bc \ud074\ub9ad \ubd88\uac00(\ube44\ud65c\uc131\ud654) \uc0c1\ud0dc \ud655\uc778 \uc644\ub8cc\n&#34;}], &#34;project_root/tests/test_chat_continuous.py::test_CBAS002_chat_continuous&#34;: [{&#34;extras&#34;: [], &#34;result&#34;: &#34;Passed&#34;, &#34;testId&#34;: &#34;project_root/tests/test_chat_continuous.py::test_CBAS002_chat_continuous&#34;, &#34;duration&#34;: &#34;00:01:10&#34;, &#34;resultsTableRow&#34;: [&#34;&lt;td class=\&#34;col-result\&#34;&gt;Passed&lt;/td&gt;&#34;, &#34;&lt;td class=\&#34;col-testId\&#34;&gt;project_root/tests/test_chat_continuous.py::test_CBAS002_chat_continuous&lt;/td&gt;&#34;, &#34;&lt;td class=\&#34;col-duration\&#34;&gt;00:01:10&lt;/td&gt;&#34;, &#34;&lt;td class=\&#34;col-links\&#34;&gt;&lt;/td&gt;&#34;], &#34;log&#34;: &#34;----------------------------- Captured stdout call -----------------------------\n\u2705 [PASS] \uccab \ubc88\uc9f8 \uc9c8\ubb38 \uc804\uc1a1 \uc644\ub8cc: \uc624\ub298 \uc11c\uc6b8 \ub0a0\uc528 \uc5b4\ub54c?\n\u2705 [PASS] \uccab \ubc88\uc9f8 AI \uc751\ub2f5 \ud655\uc778 \uc644\ub8cc\n\u2705 [PASS] \ub450 \ubc88\uc9f8 \uc9c8\ubb38 \uc804\uc1a1 \uc644\ub8cc: \uadf8\ub7fc \ub0b4\uc77c\uc740?\n\u2705 [PASS] \ub450 \ubc88\uc9f8 AI \uc751\ub2f5 \ud655\uc778 \uc644\ub8cc\n&#34;}], &#34;project_root/tests/test_chat_emoji.py::test_CBAS005_chat_emoji&#34;: [{&#34;extras&#34;: [], &#34;result&#34;: &#34;Passed&#34;, &#34;testId&#34;: &#34;project_root/tests/test_chat_emoji.py::test_CBAS005_chat_emoji&#34;, &#34;duration&#34;: &#34;00:00:39&#34;, &#34;resultsTableRow&#34;: [&#34;&lt;td class=\&#34;col-result\&#34;&gt;Passed&lt;/td&gt;&#34;, &#34;&lt;td class=\&#34;col-testId\&#34;&gt;project_root/tests/test_chat_emoji.py::test_CBAS005_chat_emoji&lt;/td&gt;&#34;, &#34;&lt;td class=\&#34;col-duration\&#34;&gt;00:00:39&lt;/td&gt;&#34;, &#34;&lt;td class=\&#34;col-links\&#34;&gt;&lt;/td&gt;&#34;], &#34;log&#34;: &#34;----------------------------- Captured stdout call -----------------------------\n\u2705 [PASS] \uc9c8\ubb38 \uc804\uc1a1 \uc644\ub8cc\n\u2705 [PASS] AI \uc751\ub2f5 \ud655\uc778 \uc644\ub8cc\n&#34;}], &#34;project_root/tests/test_chat_image_request.py::test_CADV001_image_upload_success&#34;: [{&#34;extras&#34;: [], &#34;result&#34;: &#34;Passed&#34;, &#34;testId&#34;: &#34;project_root/tests/test_chat_image_request.py::test_CADV001_image_upload_success&#34;, &#34;duration&#34;: &#34;00:00:49&#34;, &#34;resultsTableRow&#34;: [&#34;&lt;td class=\&#34;col-result\&#34;&gt;Passed&lt;/td&gt;&#34;, &#34;&lt;td class=\&#34;col-testId\&#34;&gt;project_root/tests/test_chat_image_request.py::test_CADV001_image_upload_success&lt;/td&gt;&#34;, &#34;&lt;td class=\&#34;col-duration\&#34;&gt;00:00:49&lt;/td&gt;&#34;, &#34;&lt;td class=\&#34;col-links\&#34;&gt;&lt;/td&gt;&#34;], &#34;log&#34;: &#34;No log output captured.&#34;}], &#34;project_root/tests/test_chat_long_input.py::test_CBAS004_chat_long_input&#34;: [{&#34;extras&#34;: [], &#34;result&#34;: &#34;Passed&#34;, &#34;testId&#34;: &#34;project_root/tests/test_chat_long_input.py::test_CBAS004_chat_long_input&#34;, &#34;duration&#34;: &#34;00:01:37&#34;, &#34;resultsTableRow&#34;: [&#34;&lt;td class=\&#34;col-result\&#34;&gt;Passed&lt;/td&gt;&#34;, &#34;&lt;td class=\&#34;col-testId\&#34;&gt;project_root/tests/test_chat_long_input.py::test_CBAS004_chat_long_input&lt;/td&gt;&#34;, &#34;&lt;td class=\&#34;col-duration\&#34;&gt;00:01:37&lt;/td&gt;&#34;, &#34;&lt;td class=\&#34;col-links\&#34;&gt;&lt;/td&gt;&#34;], &#34;log&#34;: &#34;----------------------------- Captured stdout call -----------------------------\n\u2705 [PASS] \uae34 \uc785\ub825\uac12 \uc804\uc1a1 \uc644\ub8cc\n\u2705 [PASS] \uae34 \uc785\ub825\uac12 AI \uc751\ub2f5 \ud655\uc778 \uc644\ub8cc\n&#34;}], &#34;project_root/tests/test_chat_recent_messages.py::test_CBAS074_chat_basic&#34;: [{&#34;extras&#34;: [], &#34;result&#34;: &#34;Passed&#34;, &#34;testId&#34;: &#34;project_root/tests/test_chat_recent_messages.py::test_CBAS074_chat_basic&#34;, &#34;duration&#34;: &#34;00:01:16&#34;, &#34;resultsTableRow&#34;: [&#34;&lt;td class=\&#34;col-result\&#34;&gt;Passed&lt;/td&gt;&#34;, &#34;&lt;td class=\&#34;col-testId\&#34;&gt;project_root/tests/test_chat_recent_messages.py::test_CBAS074_chat_basic&lt;/td&gt;&#34;, &#34;&lt;td class=\&#34;col-duration\&#34;&gt;00:01:16&lt;/td&gt;&#34;, &#34;&lt;td class=\&#34;col-links\&#34;&gt;&lt;/td&gt;&#34;], &#34;log&#34;: &#34;----------------------------- Captured stdout call -----------------------------\n\u2705 [PASS] AI \uc751\ub2f5 \uc2dc\uc791 \ud655\uc778\n\u2705 [PASS] AI \uc751\ub2f5 \uc644\ub8cc (scrollHeight \uc548\uc815)\n\u2b06\ufe0f [PASS] \uc2a4\ud06c\ub864 \uc0c1\ub2e8 \uc774\ub3d9 \uc644\ub8cc (scrollTop=0)\n&#34;}], &#34;project_root/tests/test_chat_special_symbols.py::test_CBAS001_chat_basic&#34;: [{&#34;extras&#34;: [], &#34;result&#34;: &#34;Passed&#34;, &#34;testId&#34;: &#34;project_root/tests/test_chat_special_symbols.py::test_CBAS001_chat_basic&#34;, &#34;duration&#34;: &#34;00:00:36&#34;, &#34;resultsTableRow&#34;: [&#34;&lt;td class=\&#34;col-result\&#34;&gt;Passed&lt;/td&gt;&#34;, &#34;&lt;td class=\&#34;col-testId\&#34;&gt;project_root/tests/test_chat_special_symbols.py::test_CBAS001_chat_basic&lt;/td&gt;&#34;, &#34;&lt;td class=\&#34;col-duration\&#34;&gt;00:00:36&lt;/td&gt;&#34;, &#34;&lt;td class=\&#34;col-links\&#34;&gt;&lt;/td&gt;&#34;], &#34;log&#34;: &#34;----------------------------- Captured stdout call -----------------------------\n\u2705 [PASS] \uc9c8\ubb38 \uc804\uc1a1 \uc644\ub8cc\n\u2705 [PASS] AI \uc751\ub2f5 \ud655\uc778 \uc644\ub8cc\n&#34;}], &#34;project_root/tests/test_credit_check.py::test_BILL001_credit_check&#34;: [{&#34;extras&#34;: [], &#34;result&#34;: &#34;Passed&#34;, &#34;testId&#34;: &#34;project_root/tests/test_credit_check.py::test_BILL001_credit_check&#34;, &#34;duration&#34;: &#34;00:00:27&#34;, &#34;resultsTableRow&#34;: [&#34;&lt;td class=\&#34;col-result\&#34;&gt;Passed&lt;/td&gt;&#34;, &#34;&lt;td class=\&#34;col-testId\&#34;&gt;project_root/tests/test_credit_check.py::test_BILL001_credit_check&lt;/td&gt;&#34;, &#34;&lt;td class=\&#34;col-duration\&#34;&gt;00:00:27&lt;/td&gt;&#34;, &#34;&lt;td class=\&#34;col-links\&#34;&gt;&lt;/td&gt;&#34;], &#34;log&#34;: &#34;----------------------------- Captured stdout call -----------------------------\n\ucd94\ucd9c \uacb0\uacfc: \ud06c\ub808\ub527 \u20a9979,514\n\u2705 [PASS] \uc794\uc5ec \ud06c\ub808\ub527 \ud45c\uc2dc \ud655\uc778\n&#34;}], &#34;project_root/tests/test_custom_advanced_happy.py::test_CSTM010_create_image&#34;: [{&#34;extras&#34;: [], &#34;result&#34;: &#34;Passed&#34;, &#34;testId&#34;: &#34;project_root/tests/test_custom_advanced_happy.py::test_CSTM010_create_image&#34;, &#34;duration&#34;: &#34;00:00:48&#34;, &#34;resultsTableRow&#34;: [&#34;&lt;td class=\&#34;col-result\&#34;&gt;Passed&lt;/td&gt;&#34;, &#34;&lt;td class=\&#34;col-testId\&#34;&gt;project_root/tests/test_custom_advanced_happy.py::test_CSTM010_create_image&lt;/td&gt;&#34;, &#34;&lt;td class=\&#34;col-duration\&#34;&gt;00:00:48&lt;/td&gt;&#34;, &#34;&lt;td class=\&#34;col-links\&#34;&gt;&lt;/td&gt;&#34;], &#34;log&#34;: &#34;----------------------------- Captured stdout call -----------------------------\n\u2705 [PASS] \ub79c\ub364 \uc774\ubbf8\uc9c0 \uc0dd\uc131 \uc644\ub8cc\n&#34;}], &#34;project_root/tests/test_custom_advanced_happy.py::test_CSTM011_large_image&#34;: [{&#34;extras&#34;: [], &#34;result&#34;: &#34;Failed&#34;, &#34;testId&#34;: &#34;project_root/tests/test_custom_advanced_happy.py::test_CSTM011_large_image&#34;, &#34;duration&#34;: &#34;00:01:12&#34;, &#34;resultsTableRow&#34;: [&#34;&lt;td class=\&#34;col-result\&#34;&gt;Failed&lt;/td&gt;&#34;, &#34;&lt;td class=\&#34;col-testId\&#34;&gt;project_root/tests/test_custom_advanced_happy.py::test_CSTM011_large_image&lt;/td&gt;&#34;, &#34;&lt;td class=\&#34;col-duration\&#34;&gt;00:01:12&lt;/td&gt;&#34;, &#34;&lt;td class=\&#34;col-links\&#34;&gt;&lt;/td&gt;&#34;], &#34;log&#34;: &#34;new_agent = &amp;lt;src.pages.agent_page.AgentPage object at 0x000001B373A19D10&amp;gt;\n\n    def test_CSTM011_large_image(new_agent):\n    \n        # 1. &amp;quot;+&amp;quot;\ubc84\ud2bc \ub204\ub974\uae30\n        WebDriverWait(new_agent.driver, 10).until(\n            EC.element_to_be_clickable((By.CSS_SELECTOR, &amp;quot;svg[data-testid=&amp;#x27;plusIcon&amp;#x27;]&amp;quot;))\n        ).click()\n    \n        # 2. \uc0ac\uc9c4 \uc5c5\ub85c\ub4dc \ubc84\ud2bc \ud074\ub9ad\n        new_agent.driver.find_element(By.XPATH, &amp;quot;//li[normalize-space(text())=&amp;#x27;\uc0ac\uc9c4 \uc5c5\ub85c\ub4dc&amp;#x27;]&amp;quot;).click()\n    \n        # 3. \uc228\uaca8\uc9c4 &amp;lt;input type=&amp;#x27;file&amp;#x27;&amp;gt; \ud544\ub4dc \ucc3e\uae30\n        file_input = WebDriverWait(new_agent.driver, 10).until(\n            EC.presence_of_element_located((By.CSS_SELECTOR, &amp;quot;input[type=&amp;#x27;file&amp;#x27;]&amp;quot;))\n        )\n    \n        # 4. \ud30c\uc77c \uacbd\ub85c \uc124\uc815 / \uc804\uc1a1\n        project_root = os.path.dirname(os.path.dirname(os.path.abspath(__file__)))\n        image_path = os.path.join(project_root, &amp;quot;src&amp;quot;, &amp;quot;resources&amp;quot;, &amp;quot;for_custom.jpg&amp;quot;)\n&amp;gt;       assert os.path.exists(image_path), f&amp;quot;[FAIL] \ud30c\uc77c \uc5c6\uc74c: {image_path}&amp;quot;\nE       AssertionError: [FAIL] \ud30c\uc77c \uc5c6\uc74c: C:\\Users\\\uac15\ud574\ub9ac\\team2_project\\project_root\\src\\resources\\for_custom.jpg\nE       assert False\nE        +  where False = &amp;lt;built-in function _path_exists&amp;gt;(&amp;#x27;C:\\\\Users\\\\\uac15\ud574\ub9ac\\\\team2_project\\\\project_root\\\\src\\\\resources\\\\for_custom.jpg&amp;#x27;)\nE        +    where &amp;lt;built-in function _path_exists&amp;gt; = &amp;lt;module &amp;#x27;ntpath&amp;#x27; (frozen)&amp;gt;.exists\nE        +      where &amp;lt;module &amp;#x27;ntpath&amp;#x27; (frozen)&amp;gt; = os.path\n\nproject_root\\tests\\test_custom_advanced_happy.py:57: AssertionError\n&#34;}], &#34;project_root/tests/test_custom_basic_happy.py::test_CSTM005_with_essential_field&#34;: [{&#34;extras&#34;: [], &#34;result&#34;: &#34;Passed&#34;, &#34;testId&#34;: &#34;project_root/tests/test_custom_basic_happy.py::test_CSTM005_with_essential_field&#34;, &#34;duration&#34;: &#34;00:00:48&#34;, &#34;resultsTableRow&#34;: [&#34;&lt;td class=\&#34;col-result\&#34;&gt;Passed&lt;/td&gt;&#34;, &#34;&lt;td class=\&#34;col-testId\&#34;&gt;project_root/tests/test_custom_basic_happy.py::test_CSTM005_with_essential_field&lt;/td&gt;&#34;, &#34;&lt;td class=\&#34;col-duration\&#34;&gt;00:00:48&lt;/td&gt;&#34;, &#34;&lt;td class=\&#34;col-links\&#34;&gt;&lt;/td&gt;&#34;], &#34;log&#34;: &#34;----------------------------- Captured stdout call -----------------------------\n\u2705 [PASS] \uc5d0\uc774\uc804\ud2b8 \uc0dd\uc131 \uc644\ub8cc\n&#34;}], &#34;project_root/tests/test_custom_basic_happy.py::test_CSTM008_extreme_input&#34;: [{&#34;extras&#34;: [], &#34;result&#34;: &#34;Passed&#34;, &#34;testId&#34;: &#34;project_root/tests/test_custom_basic_happy.py::test_CSTM008_extreme_input&#34;, &#34;duration&#34;: &#34;00:00:45&#34;, &#34;resultsTableRow&#34;: [&#34;&lt;td class=\&#34;col-result\&#34;&gt;Passed&lt;/td&gt;&#34;, &#34;&lt;td class=\&#34;col-testId\&#34;&gt;project_root/tests/test_custom_basic_happy.py::test_CSTM008_extreme_input&lt;/td&gt;&#34;, &#34;&lt;td class=\&#34;col-duration\&#34;&gt;00:00:45&lt;/td&gt;&#34;, &#34;&lt;td class=\&#34;col-links\&#34;&gt;&lt;/td&gt;&#34;], &#34;log&#34;: &#34;----------------------------- Captured stdout call -----------------------------\n\u2705 [PASS] \uc5d0\uc774\uc804\ud2b8 \uc0dd\uc131 \uc644\ub8cc\n&#34;}], &#34;project_root/tests/test_custom_basic_happy.py::test_CSTM009_unavailable_language&#34;: [{&#34;extras&#34;: [], &#34;result&#34;: &#34;Passed&#34;, &#34;testId&#34;: &#34;project_root/tests/test_custom_basic_happy.py::test_CSTM009_unavailable_language&#34;, &#34;duration&#34;: &#34;00:00:46&#34;, &#34;resultsTableRow&#34;: [&#34;&lt;td class=\&#34;col-result\&#34;&gt;Passed&lt;/td&gt;&#34;, &#34;&lt;td class=\&#34;col-testId\&#34;&gt;project_root/tests/test_custom_basic_happy.py::test_CSTM009_unavailable_language&lt;/td&gt;&#34;, &#34;&lt;td class=\&#34;col-duration\&#34;&gt;00:00:46&lt;/td&gt;&#34;, &#34;&lt;td class=\&#34;col-links\&#34;&gt;&lt;/td&gt;&#34;], &#34;log&#34;: &#34;----------------------------- Captured stdout call -----------------------------\n\u2705 [PASS] \uc5d0\uc774\uc804\ud2b8 \uc0dd\uc131 \uc644\ub8cc\n&#34;}], &#34;project_root/tests/test_custom_basic_unhappy.py::test_CSTM003_try_without_essential&#34;: [{&#34;extras&#34;: [], &#34;result&#34;: &#34;Passed&#34;, &#34;testId&#34;: &#34;project_root/tests/test_custom_basic_unhappy.py::test_CSTM003_try_without_essential&#34;, &#34;duration&#34;: &#34;00:00:40&#34;, &#34;resultsTableRow&#34;: [&#34;&lt;td class=\&#34;col-result\&#34;&gt;Passed&lt;/td&gt;&#34;, &#34;&lt;td class=\&#34;col-testId\&#34;&gt;project_root/tests/test_custom_basic_unhappy.py::test_CSTM003_try_without_essential&lt;/td&gt;&#34;, &#34;&lt;td class=\&#34;col-duration\&#34;&gt;00:00:40&lt;/td&gt;&#34;, &#34;&lt;td class=\&#34;col-links\&#34;&gt;&lt;/td&gt;&#34;], &#34;log&#34;: &#34;----------------------------- Captured stdout call -----------------------------\n\u26d4 [FAIL] \uc5d0\uc774\uc804\ud2b8 \uc0dd\uc131 \uc2e4\ud328 - \ud544\uc218\uac12 \ubbf8\uc785\ub825\n&#34;}], &#34;project_root/tests/test_custom_basic_unhappy.py::test_CSTM004_with_name_input&#34;: [{&#34;extras&#34;: [], &#34;result&#34;: &#34;Passed&#34;, &#34;testId&#34;: &#34;project_root/tests/test_custom_basic_unhappy.py::test_CSTM004_with_name_input&#34;, &#34;duration&#34;: &#34;00:00:41&#34;, &#34;resultsTableRow&#34;: [&#34;&lt;td class=\&#34;col-result\&#34;&gt;Passed&lt;/td&gt;&#34;, &#34;&lt;td class=\&#34;col-testId\&#34;&gt;project_root/tests/test_custom_basic_unhappy.py::test_CSTM004_with_name_input&lt;/td&gt;&#34;, &#34;&lt;td class=\&#34;col-duration\&#34;&gt;00:00:41&lt;/td&gt;&#34;, &#34;&lt;td class=\&#34;col-links\&#34;&gt;&lt;/td&gt;&#34;], &#34;log&#34;: &#34;----------------------------- Captured stdout call -----------------------------\n\u26d4 [FAIL] \uc5d0\uc774\uc804\ud2b8 \uc0dd\uc131 \uc2e4\ud328 - \uaddc\uce59 \ubbf8\uc785\ub825\n&#34;}], &#34;project_root/tests/test_depth_file_download.py::test_CADV027_CADV028_deep_investigation_request&#34;: [{&#34;extras&#34;: [], &#34;result&#34;: &#34;Error&#34;, &#34;testId&#34;: &#34;project_root/tests/test_depth_file_download.py::test_CADV027_CADV028_deep_investigation_request::setup&#34;, &#34;duration&#34;: &#34;00:00:18&#34;, &#34;resultsTableRow&#34;: [&#34;&lt;td class=\&#34;col-result\&#34;&gt;Error&lt;/td&gt;&#34;, &#34;&lt;td class=\&#34;col-testId\&#34;&gt;project_root/tests/test_depth_file_download.py::test_CADV027_CADV028_deep_investigation_request::setup&lt;/td&gt;&#34;, &#34;&lt;td class=\&#34;col-duration\&#34;&gt;00:00:18&lt;/td&gt;&#34;, &#34;&lt;td class=\&#34;col-links\&#34;&gt;&lt;/td&gt;&#34;], &#34;log&#34;: &#34;file C:\\Users\\\uac15\ud574\ub9ac\\team2_project\\project_root\\tests\\test_depth_file_download.py, line 10\n  def test_CADV027_CADV028_deep_investigation_request(driver, login, click_plus, send_test_message):\nE       fixture &amp;#x27;click_plus&amp;#x27; not found\n&amp;gt;       available fixtures: cache, capfd, capfdbinary, caplog, capsys, capsysbinary, capteesys, doctest_namespace, driver, extra, extras, include_metadata_in_junit_xml, login, metadata, monkeypatch, new_agent, pytestconfig, record_property, record_testsuite_property, record_xml_attribute, recwarn, send_test_message, tmp_path, tmp_path_factory, tmpdir, tmpdir_factory\n&amp;gt;       use &amp;#x27;pytest --fixtures [testpath]&amp;#x27; for help on them.\n\nC:\\Users\\\uac15\ud574\ub9ac\\team2_project\\project_root\\tests\\test_depth_file_download.py:10\n&#34;}], &#34;project_root/tests/test_depth_investigation.py::test_CADV021_deep_investigation_request&#34;: [{&#34;extras&#34;: [], &#34;result&#34;: &#34;Error&#34;, &#34;testId&#34;: &#34;project_root/tests/test_depth_investigation.py::test_CADV021_deep_investigation_request::setup&#34;, &#34;duration&#34;: &#34;00:00:19&#34;, &#34;resultsTableRow&#34;: [&#34;&lt;td class=\&#34;col-result\&#34;&gt;Error&lt;/td&gt;&#34;, &#34;&lt;td class=\&#34;col-testId\&#34;&gt;project_root/tests/test_depth_investigation.py::test_CADV021_deep_investigation_request::setup&lt;/td&gt;&#34;, &#34;&lt;td class=\&#34;col-duration\&#34;&gt;00:00:19&lt;/td&gt;&#34;, &#34;&lt;td class=\&#34;col-links\&#34;&gt;&lt;/td&gt;&#34;], &#34;log&#34;: &#34;file C:\\Users\\\uac15\ud574\ub9ac\\team2_project\\project_root\\tests\\test_depth_investigation.py, line 9\n  def test_CADV021_deep_investigation_request(driver, login, click_plus, send_test_message):\nE       fixture &amp;#x27;click_plus&amp;#x27; not found\n&amp;gt;       available fixtures: cache, capfd, capfdbinary, caplog, capsys, capsysbinary, capteesys, doctest_namespace, driver, extra, extras, include_metadata_in_junit_xml, login, metadata, monkeypatch, new_agent, pytestconfig, record_property, record_testsuite_property, record_xml_attribute, recwarn, send_test_message, tmp_path, tmp_path_factory, tmpdir, tmpdir_factory\n&amp;gt;       use &amp;#x27;pytest --fixtures [testpath]&amp;#x27; for help on them.\n\nC:\\Users\\\uac15\ud574\ub9ac\\team2_project\\project_root\\tests\\test_depth_investigation.py:9\n&#34;}], &#34;project_root/tests/test_disable_filetype.py::test_CADV011_hwp_upload_reject&#34;: [{&#34;extras&#34;: [], &#34;result&#34;: &#34;Passed&#34;, &#34;testId&#34;: &#34;project_root/tests/test_disable_filetype.py::test_CADV011_hwp_upload_reject&#34;, &#34;duration&#34;: &#34;00:00:33&#34;, &#34;resultsTableRow&#34;: [&#34;&lt;td class=\&#34;col-result\&#34;&gt;Passed&lt;/td&gt;&#34;, &#34;&lt;td class=\&#34;col-testId\&#34;&gt;project_root/tests/test_disable_filetype.py::test_CADV011_hwp_upload_reject&lt;/td&gt;&#34;, &#34;&lt;td class=\&#34;col-duration\&#34;&gt;00:00:33&lt;/td&gt;&#34;, &#34;&lt;td class=\&#34;col-links\&#34;&gt;&lt;/td&gt;&#34;], &#34;log&#34;: &#34;----------------------------- Captured stdout call -----------------------------\n\u2705 \uc5c5\ub85c\ub4dc \uc2e4\ud328 \uacbd\uace0 \ud45c\uc2dc \ud655\uc778: Desktop.zip\n&#34;}], &#34;project_root/tests/test_file_size_over.py::test_CADV011_hwp_upload_reject&#34;: [{&#34;extras&#34;: [], &#34;result&#34;: &#34;Passed&#34;, &#34;testId&#34;: &#34;project_root/tests/test_file_size_over.py::test_CADV011_hwp_upload_reject&#34;, &#34;duration&#34;: &#34;00:00:32&#34;, &#34;resultsTableRow&#34;: [&#34;&lt;td class=\&#34;col-result\&#34;&gt;Passed&lt;/td&gt;&#34;, &#34;&lt;td class=\&#34;col-testId\&#34;&gt;project_root/tests/test_file_size_over.py::test_CADV011_hwp_upload_reject&lt;/td&gt;&#34;, &#34;&lt;td class=\&#34;col-duration\&#34;&gt;00:00:32&lt;/td&gt;&#34;, &#34;&lt;td class=\&#34;col-links\&#34;&gt;&lt;/td&gt;&#34;], &#34;log&#34;: &#34;----------------------------- Captured stdout call -----------------------------\n\u2705 \uc5c5\ub85c\ub4dc \uc2e4\ud328 \uacbd\uace0 \ud45c\uc2dc \ud655\uc778: 20.5mb.jpg\n&#34;}], &#34;project_root/tests/test_google_search.py::test_CADV032_google_search_request&#34;: [{&#34;extras&#34;: [], &#34;result&#34;: &#34;Error&#34;, &#34;testId&#34;: &#34;project_root/tests/test_google_search.py::test_CADV032_google_search_request::setup&#34;, &#34;duration&#34;: &#34;00:00:18&#34;, &#34;resultsTableRow&#34;: [&#34;&lt;td class=\&#34;col-result\&#34;&gt;Error&lt;/td&gt;&#34;, &#34;&lt;td class=\&#34;col-testId\&#34;&gt;project_root/tests/test_google_search.py::test_CADV032_google_search_request::setup&lt;/td&gt;&#34;, &#34;&lt;td class=\&#34;col-duration\&#34;&gt;00:00:18&lt;/td&gt;&#34;, &#34;&lt;td class=\&#34;col-links\&#34;&gt;&lt;/td&gt;&#34;], &#34;log&#34;: &#34;file C:\\Users\\\uac15\ud574\ub9ac\\team2_project\\project_root\\tests\\test_google_search.py, line 10\n  def test_CADV032_google_search_request(driver, login, click_plus, send_test_message):\nE       fixture &amp;#x27;click_plus&amp;#x27; not found\n&amp;gt;       available fixtures: cache, capfd, capfdbinary, caplog, capsys, capsysbinary, capteesys, doctest_namespace, driver, extra, extras, include_metadata_in_junit_xml, login, metadata, monkeypatch, new_agent, pytestconfig, record_property, record_testsuite_property, record_xml_attribute, recwarn, send_test_message, tmp_path, tmp_path_factory, tmpdir, tmpdir_factory\n&amp;gt;       use &amp;#x27;pytest --fixtures [testpath]&amp;#x27; for help on them.\n\nC:\\Users\\\uac15\ud574\ub9ac\\team2_project\\project_root\\tests\\test_google_search.py:10\n&#34;}], &#34;project_root/tests/test_history_delete.py::test_HIST034_chat_delete&#34;: [{&#34;extras&#34;: [], &#34;result&#34;: &#34;Passed&#34;, &#34;testId&#34;: &#34;project_root/tests/test_history_delete.py::test_HIST034_chat_delete&#34;, &#34;duration&#34;: &#34;00:00:48&#34;, &#34;resultsTableRow&#34;: [&#34;&lt;td class=\&#34;col-result\&#34;&gt;Passed&lt;/td&gt;&#34;, &#34;&lt;td class=\&#34;col-testId\&#34;&gt;project_root/tests/test_history_delete.py::test_HIST034_chat_delete&lt;/td&gt;&#34;, &#34;&lt;td class=\&#34;col-duration\&#34;&gt;00:00:48&lt;/td&gt;&#34;, &#34;&lt;td class=\&#34;col-links\&#34;&gt;&lt;/td&gt;&#34;], &#34;log&#34;: &#34;----------------------------- Captured stdout call -----------------------------\n\uc0ad\uc81c \uc804 \uccab \ubc88\uc9f8 \ub300\ud654 \uc81c\ubaa9 : \ud788\uc2a4\ud1a0\ub9ac \ubaa9\ub85d \uc0ad\uc81c \ud14c\uc2a4\ud2b8(\ub2f5\uc7a5\ud558\uc9c0\ub9c8)\n\uc0ad\uc81c \ud6c4 \uccab \ubc88\uc9f8 \ub300\ud654 \uc81c\ubaa9 : \uc624\ub298 \uc8fc\uc694 \uae30\uc0ac \ub0b4\uc6a9 \uc694\uc57d\ud574\uc918\n\u2705 [PASS] \ub300\ud654 \uc0ad\uc81c \uc131\uacf5\n&#34;}], &#34;project_root/tests/test_history_list.py::test_HIST028_history_list&#34;: [{&#34;extras&#34;: [], &#34;result&#34;: &#34;Passed&#34;, &#34;testId&#34;: &#34;project_root/tests/test_history_list.py::test_HIST028_history_list&#34;, &#34;duration&#34;: &#34;00:00:38&#34;, &#34;resultsTableRow&#34;: [&#34;&lt;td class=\&#34;col-result\&#34;&gt;Passed&lt;/td&gt;&#34;, &#34;&lt;td class=\&#34;col-testId\&#34;&gt;project_root/tests/test_history_list.py::test_HIST028_history_list&lt;/td&gt;&#34;, &#34;&lt;td class=\&#34;col-duration\&#34;&gt;00:00:38&lt;/td&gt;&#34;, &#34;&lt;td class=\&#34;col-links\&#34;&gt;&lt;/td&gt;&#34;], &#34;log&#34;: &#34;----------------------------- Captured stdout call -----------------------------\n\ud788\uc2a4\ud1a0\ub9ac \ubaa9\ub85d \ucd5c\uc2e0\uc21c \ud655\uc778\uc6a9 \uba54\uc138\uc9c0(\ub2f5\uc7a5\ud558\uc9c0\ub9c8)\n\u2705 [PASS] \ud788\uc2a4\ud1a0\ub9ac \ubaa9\ub85d \ucd5c\uc2e0\uc21c \uac80\uc99d \uc131\uacf5\n&#34;}], &#34;project_root/tests/test_history_list_click.py::test_HIST030_list_click&#34;: [{&#34;extras&#34;: [], &#34;result&#34;: &#34;Passed&#34;, &#34;testId&#34;: &#34;project_root/tests/test_history_list_click.py::test_HIST030_list_click&#34;, &#34;duration&#34;: &#34;00:00:51&#34;, &#34;resultsTableRow&#34;: [&#34;&lt;td class=\&#34;col-result\&#34;&gt;Passed&lt;/td&gt;&#34;, &#34;&lt;td class=\&#34;col-testId\&#34;&gt;project_root/tests/test_history_list_click.py::test_HIST030_list_click&lt;/td&gt;&#34;, &#34;&lt;td class=\&#34;col-duration\&#34;&gt;00:00:51&lt;/td&gt;&#34;, &#34;&lt;td class=\&#34;col-links\&#34;&gt;&lt;/td&gt;&#34;], &#34;log&#34;: &#34;----------------------------- Captured stdout call -----------------------------\n\u2705 [PASS] \uc0ac\uc6a9\uc790 \ubc0f \ud5ec\ud53c \uba54\uc2dc\uc9c0 \uc815\uc0c1 \ud655\uc778\n&#34;}], &#34;project_root/tests/test_history_title_edit.py::test_HIST034_chat_delete&#34;: [{&#34;extras&#34;: [], &#34;result&#34;: &#34;Passed&#34;, &#34;testId&#34;: &#34;project_root/tests/test_history_title_edit.py::test_HIST034_chat_delete&#34;, &#34;duration&#34;: &#34;00:00:47&#34;, &#34;resultsTableRow&#34;: [&#34;&lt;td class=\&#34;col-result\&#34;&gt;Passed&lt;/td&gt;&#34;, &#34;&lt;td class=\&#34;col-testId\&#34;&gt;project_root/tests/test_history_title_edit.py::test_HIST034_chat_delete&lt;/td&gt;&#34;, &#34;&lt;td class=\&#34;col-duration\&#34;&gt;00:00:47&lt;/td&gt;&#34;, &#34;&lt;td class=\&#34;col-links\&#34;&gt;&lt;/td&gt;&#34;], &#34;log&#34;: &#34;----------------------------- Captured stdout call -----------------------------\n\uc218\uc815 \uc804 \uccab \ubc88\uc9f8 \ub300\ud654 \uc81c\ubaa9 : \ud788\uc2a4\ud1a0\ub9ac \uc81c\ubaa9 \uc218\uc815 \ud14c\uc2a4\ud2b8(\ub2f5\uc7a5\ud558\uc9c0\ub9c8)\n\uc218\uc815 \ud6c4 \uccab \ubc88\uc9f8 \ub300\ud654 \uc81c\ubaa9 : \ud788\uc2a4\ud1a0\ub9ac \uc81c\ubaa9 \uc218\uc815 \uc644\ub8cc\n\u2705 [PASS] \uc81c\ubaa9 \ubcc0\uacbd \uc131\uacf5\n&#34;}], &#34;project_root/tests/test_language.py::test_ACCT010_change_english&#34;: [{&#34;extras&#34;: [], &#34;result&#34;: &#34;Passed&#34;, &#34;testId&#34;: &#34;project_root/tests/test_language.py::test_ACCT010_change_english&#34;, &#34;duration&#34;: &#34;00:00:32&#34;, &#34;resultsTableRow&#34;: [&#34;&lt;td class=\&#34;col-result\&#34;&gt;Passed&lt;/td&gt;&#34;, &#34;&lt;td class=\&#34;col-testId\&#34;&gt;project_root/tests/test_language.py::test_ACCT010_change_english&lt;/td&gt;&#34;, &#34;&lt;td class=\&#34;col-duration\&#34;&gt;00:00:32&lt;/td&gt;&#34;, &#34;&lt;td class=\&#34;col-links\&#34;&gt;&lt;/td&gt;&#34;], &#34;log&#34;: &#34;----------------------------- Captured stdout call -----------------------------\n\u2705 [PASS] \uc601\uc5b4 \ubc88\uacbd \uc131\uacf5\n&#34;}], &#34;project_root/tests/test_language.py::test_ACCT011_change_japanese&#34;: [{&#34;extras&#34;: [], &#34;result&#34;: &#34;Passed&#34;, &#34;testId&#34;: &#34;project_root/tests/test_language.py::test_ACCT011_change_japanese&#34;, &#34;duration&#34;: &#34;00:00:39&#34;, &#34;resultsTableRow&#34;: [&#34;&lt;td class=\&#34;col-result\&#34;&gt;Passed&lt;/td&gt;&#34;, &#34;&lt;td class=\&#34;col-testId\&#34;&gt;project_root/tests/test_language.py::test_ACCT011_change_japanese&lt;/td&gt;&#34;, &#34;&lt;td class=\&#34;col-duration\&#34;&gt;00:00:39&lt;/td&gt;&#34;, &#34;&lt;td class=\&#34;col-links\&#34;&gt;&lt;/td&gt;&#34;], &#34;log&#34;: &#34;----------------------------- Captured stdout call -----------------------------\n\u2705 [PASS] \uc77c\ubcf8\uc5b4 \ubc88\uacbd \uc131\uacf5\n&#34;}], &#34;project_root/tests/test_language.py::test_ACCT012_change_thai&#34;: [{&#34;extras&#34;: [], &#34;result&#34;: &#34;Passed&#34;, &#34;testId&#34;: &#34;project_root/tests/test_language.py::test_ACCT012_change_thai&#34;, &#34;duration&#34;: &#34;00:00:33&#34;, &#34;resultsTableRow&#34;: [&#34;&lt;td class=\&#34;col-result\&#34;&gt;Passed&lt;/td&gt;&#34;, &#34;&lt;td class=\&#34;col-testId\&#34;&gt;project_root/tests/test_language.py::test_ACCT012_change_thai&lt;/td&gt;&#34;, &#34;&lt;td class=\&#34;col-duration\&#34;&gt;00:00:33&lt;/td&gt;&#34;, &#34;&lt;td class=\&#34;col-links\&#34;&gt;&lt;/td&gt;&#34;], &#34;log&#34;: &#34;----------------------------- Captured stdout call -----------------------------\n\u2705 [PASS] \ud0dc\uad6d\uc5b4 \ubc88\uacbd \uc131\uacf5\n&#34;}], &#34;project_root/tests/test_language.py::test_ACCT013_change_english_relogin&#34;: [{&#34;extras&#34;: [], &#34;result&#34;: &#34;Passed&#34;, &#34;testId&#34;: &#34;project_root/tests/test_language.py::test_ACCT013_change_english_relogin&#34;, &#34;duration&#34;: &#34;00:00:52&#34;, &#34;resultsTableRow&#34;: [&#34;&lt;td class=\&#34;col-result\&#34;&gt;Passed&lt;/td&gt;&#34;, &#34;&lt;td class=\&#34;col-testId\&#34;&gt;project_root/tests/test_language.py::test_ACCT013_change_english_relogin&lt;/td&gt;&#34;, &#34;&lt;td class=\&#34;col-duration\&#34;&gt;00:00:52&lt;/td&gt;&#34;, &#34;&lt;td class=\&#34;col-links\&#34;&gt;&lt;/td&gt;&#34;], &#34;log&#34;: &#34;----------------------------- Captured stdout call -----------------------------\n\u2705 [PASS] \uc601\uc5b4 \ubc88\uacbd \uc131\uacf5\n\u2705 [PASS] \ub85c\uadf8\uc544\uc6c3 \uc131\uacf5\n\u2705 [PASS] \uc7ac\ub85c\uadf8\uc778 \uc131\uacf5\n\u2705 [PASS] \uc601\uc5b4 \uc720\uc9c0 \uc131\uacf5\n&#34;}], &#34;project_root/tests/test_login_fail.py::test_ACCT003_invalid_email_domain&#34;: [{&#34;extras&#34;: [], &#34;result&#34;: &#34;Passed&#34;, &#34;testId&#34;: &#34;project_root/tests/test_login_fail.py::test_ACCT003_invalid_email_domain&#34;, &#34;duration&#34;: &#34;00:00:28&#34;, &#34;resultsTableRow&#34;: [&#34;&lt;td class=\&#34;col-result\&#34;&gt;Passed&lt;/td&gt;&#34;, &#34;&lt;td class=\&#34;col-testId\&#34;&gt;project_root/tests/test_login_fail.py::test_ACCT003_invalid_email_domain&lt;/td&gt;&#34;, &#34;&lt;td class=\&#34;col-duration\&#34;&gt;00:00:28&lt;/td&gt;&#34;, &#34;&lt;td class=\&#34;col-links\&#34;&gt;&lt;/td&gt;&#34;], &#34;log&#34;: &#34;----------------------------- Captured stdout call -----------------------------\n\u26d4 [FAIL] \ub85c\uadf8\uc778 \uc2e4\ud328 - \uc774\uba54\uc77c \ub3c4\uba54\uc778 \ubd88\uc77c\uce58\n&#34;}], &#34;project_root/tests/test_login_fail.py::test_ACCT004_invalid_email&#34;: [{&#34;extras&#34;: [], &#34;result&#34;: &#34;Passed&#34;, &#34;testId&#34;: &#34;project_root/tests/test_login_fail.py::test_ACCT004_invalid_email&#34;, &#34;duration&#34;: &#34;00:00:27&#34;, &#34;resultsTableRow&#34;: [&#34;&lt;td class=\&#34;col-result\&#34;&gt;Passed&lt;/td&gt;&#34;, &#34;&lt;td class=\&#34;col-testId\&#34;&gt;project_root/tests/test_login_fail.py::test_ACCT004_invalid_email&lt;/td&gt;&#34;, &#34;&lt;td class=\&#34;col-duration\&#34;&gt;00:00:27&lt;/td&gt;&#34;, &#34;&lt;td class=\&#34;col-links\&#34;&gt;&lt;/td&gt;&#34;], &#34;log&#34;: &#34;----------------------------- Captured stdout call -----------------------------\n\u26d4 [FAIL] \ub85c\uadf8\uc778 \uc2e4\ud328 - \uc774\uba54\uc77c \ud639\uc740 \ube44\ubc00\ubc88\ud638 \ubd88\uc77c\uce58\n&#34;}], &#34;project_root/tests/test_login_fail.py::test_ACCT005_extreme_email_input&#34;: [{&#34;extras&#34;: [], &#34;result&#34;: &#34;Passed&#34;, &#34;testId&#34;: &#34;project_root/tests/test_login_fail.py::test_ACCT005_extreme_email_input&#34;, &#34;duration&#34;: &#34;00:00:23&#34;, &#34;resultsTableRow&#34;: [&#34;&lt;td class=\&#34;col-result\&#34;&gt;Passed&lt;/td&gt;&#34;, &#34;&lt;td class=\&#34;col-testId\&#34;&gt;project_root/tests/test_login_fail.py::test_ACCT005_extreme_email_input&lt;/td&gt;&#34;, &#34;&lt;td class=\&#34;col-duration\&#34;&gt;00:00:23&lt;/td&gt;&#34;, &#34;&lt;td class=\&#34;col-links\&#34;&gt;&lt;/td&gt;&#34;], &#34;log&#34;: &#34;----------------------------- Captured stdout call -----------------------------\n\u26d4 [FAIL] \ub85c\uadf8\uc778 \uc2e4\ud328 - \uc774\uba54\uc77c \ud639\uc740 \ube44\ubc00\ubc88\ud638 \ubd88\uc77c\uce58\n&#34;}], &#34;project_root/tests/test_login_fail.py::test_ACCT006_invalid_password&#34;: [{&#34;extras&#34;: [], &#34;result&#34;: &#34;Failed&#34;, &#34;testId&#34;: &#34;project_root/tests/test_login_fail.py::test_ACCT006_invalid_password&#34;, &#34;duration&#34;: &#34;00:00:21&#34;, &#34;resultsTableRow&#34;: [&#34;&lt;td class=\&#34;col-result\&#34;&gt;Failed&lt;/td&gt;&#34;, &#34;&lt;td class=\&#34;col-testId\&#34;&gt;project_root/tests/test_login_fail.py::test_ACCT006_invalid_password&lt;/td&gt;&#34;, &#34;&lt;td class=\&#34;col-duration\&#34;&gt;00:00:21&lt;/td&gt;&#34;, &#34;&lt;td class=\&#34;col-links\&#34;&gt;&lt;/td&gt;&#34;], &#34;log&#34;: &#34;driver = &amp;lt;selenium.webdriver.chrome.webdriver.WebDriver (session=&amp;quot;0a21b043fbd31fbcaaec1c31fd30d712&amp;quot;)&amp;gt;\n\n    def test_ACCT006_invalid_password(driver):\n        login_page = LoginPage(driver)\n        login_page.page_open()\n    \n        # \uc798\ubabb\ub41c \ube44\ubc00\ubc88\ud638 \uc785\ub825\n        wrong_password = &amp;quot;team2elice!&amp;quot;\n    \n&amp;gt;       login_page.enter_email(login_page.config[&amp;quot;login_id&amp;quot;])\n\nproject_root\\tests\\test_login_fail.py:70: \n_ _ _ _ _ _ _ _ _ _ _ _ _ _ _ _ _ _ _ _ _ _ _ _ _ _ _ _ _ _ _ _ _ _ _ _ _ _ _ _ _ _ _ _ _ _ _ _ _ _ _ _ _ _ _ _ _ _ _ _ _ _ _ _ _ _ _ _ _ _ _ \nproject_root\\src\\pages\\login_page.py:20: in enter_email\n    self.driver.find_element(*self.email_input).send_keys(email)\n    ^^^^^^^^^^^^^^^^^^^^^^^^^^^^^^^^^^^^^^^^^^^\nvenv\\Lib\\site-packages\\selenium\\webdriver\\remote\\webdriver.py:926: in find_element\n    return self.execute(Command.FIND_ELEMENT, {&amp;quot;using&amp;quot;: by, &amp;quot;value&amp;quot;: value})[&amp;quot;value&amp;quot;]\n           ^^^^^^^^^^^^^^^^^^^^^^^^^^^^^^^^^^^^^^^^^^^^^^^^^^^^^^^^^^^^^^^^^\nvenv\\Lib\\site-packages\\selenium\\webdriver\\remote\\webdriver.py:458: in execute\n    self.error_handler.check_response(response)\n_ _ _ _ _ _ _ _ _ _ _ _ _ _ _ _ _ _ _ _ _ _ _ _ _ _ _ _ _ _ _ _ _ _ _ _ _ _ _ _ _ _ _ _ _ _ _ _ _ _ _ _ _ _ _ _ _ _ _ _ _ _ _ _ _ _ _ _ _ _ _ \n\nself = &amp;lt;selenium.webdriver.remote.errorhandler.ErrorHandler object at 0x000001B373B20E60&amp;gt;\nresponse = {&amp;#x27;status&amp;#x27;: 404, &amp;#x27;value&amp;#x27;: &amp;#x27;{&amp;quot;value&amp;quot;:{&amp;quot;error&amp;quot;:&amp;quot;no such element&amp;quot;,&amp;quot;message&amp;quot;:&amp;quot;no such element: Unable to locate element: {\\...ff7af2cad8f\\\\n\\\\t0x7ff7af2b0be4\\\\n\\\\t0x7ff7af2b0d9f\\\\n\\\\t0x7ff7af2967f8\\\\n\\\\t0x7fff1ac2e8d7\\\\n\\\\t0x7fff1b9ac53c\\\\n&amp;quot;}}&amp;#x27;}\n\n    def check_response(self, response: dict[str, Any]) -&amp;gt; None:\n        &amp;quot;&amp;quot;&amp;quot;Checks that a JSON response from the WebDriver does not have an\n        error.\n    \n        Args:\n            response: The JSON response from the WebDriver server as a dictionary\n                object.\n    \n        Raises:\n            WebDriverException: If the response contains an error message.\n        &amp;quot;&amp;quot;&amp;quot;\n        status = response.get(&amp;quot;status&amp;quot;, None)\n        if not status or status == ErrorCode.SUCCESS:\n            return\n        value = None\n        message = response.get(&amp;quot;message&amp;quot;, &amp;quot;&amp;quot;)\n        screen: str = response.get(&amp;quot;screen&amp;quot;, &amp;quot;&amp;quot;)\n        stacktrace = None\n        if isinstance(status, int):\n            value_json = response.get(&amp;quot;value&amp;quot;, None)\n            if value_json and isinstance(value_json, str):\n                try:\n                    value = json.loads(value_json)\n                    if isinstance(value, dict):\n                        if len(value) == 1:\n                            value = value[&amp;quot;value&amp;quot;]\n                        status = value.get(&amp;quot;error&amp;quot;, None)\n                        if not status:\n                            status = value.get(&amp;quot;status&amp;quot;, ErrorCode.UNKNOWN_ERROR)\n                            message = value.get(&amp;quot;value&amp;quot;) or value.get(&amp;quot;message&amp;quot;)\n                            if not isinstance(message, str):\n                                value = message\n                                message = message.get(&amp;quot;message&amp;quot;) if isinstance(message, dict) else None\n                        else:\n                            message = value.get(&amp;quot;message&amp;quot;, None)\n                except ValueError:\n                    pass\n    \n        exception_class: type[WebDriverException]\n        e = ErrorCode()\n        error_codes = [item for item in dir(e) if not item.startswith(&amp;quot;__&amp;quot;)]\n        for error_code in error_codes:\n            error_info = getattr(ErrorCode, error_code)\n            if isinstance(error_info, list) and status in error_info:\n                exception_class = getattr(ExceptionMapping, error_code, WebDriverException)\n                break\n        else:\n            exception_class = WebDriverException\n    \n        if not value:\n            value = response[&amp;quot;value&amp;quot;]\n        if isinstance(value, str):\n            raise exception_class(value)\n        if message == &amp;quot;&amp;quot; and &amp;quot;message&amp;quot; in value:\n            message = value[&amp;quot;message&amp;quot;]\n    \n        screen = None  # type: ignore[assignment]\n        if &amp;quot;screen&amp;quot; in value:\n            screen = value[&amp;quot;screen&amp;quot;]\n    \n        stacktrace = None\n        st_value = value.get(&amp;quot;stackTrace&amp;quot;) or value.get(&amp;quot;stacktrace&amp;quot;)\n        if st_value:\n            if isinstance(st_value, str):\n                stacktrace = st_value.split(&amp;quot;\\n&amp;quot;)\n            else:\n                stacktrace = []\n                try:\n                    for frame in st_value:\n                        line = frame.get(&amp;quot;lineNumber&amp;quot;, &amp;quot;&amp;quot;)\n                        file = frame.get(&amp;quot;fileName&amp;quot;, &amp;quot;&amp;lt;anonymous&amp;gt;&amp;quot;)\n                        if line:\n                            file = f&amp;quot;{file}:{line}&amp;quot;\n                        meth = frame.get(&amp;quot;methodName&amp;quot;, &amp;quot;&amp;lt;anonymous&amp;gt;&amp;quot;)\n                        if &amp;quot;className&amp;quot; in frame:\n                            meth = f&amp;quot;{frame[&amp;#x27;className&amp;#x27;]}.{meth}&amp;quot;\n                        msg = &amp;quot;    at %s (%s)&amp;quot;\n                        msg = msg % (meth, file)\n                        stacktrace.append(msg)\n                except TypeError:\n                    pass\n        if exception_class == UnexpectedAlertPresentException:\n            alert_text = None\n            if &amp;quot;data&amp;quot; in value:\n                alert_text = value[&amp;quot;data&amp;quot;].get(&amp;quot;text&amp;quot;)\n            elif &amp;quot;alert&amp;quot; in value:\n                alert_text = value[&amp;quot;alert&amp;quot;].get(&amp;quot;text&amp;quot;)\n            raise exception_class(message, screen, stacktrace, alert_text)  # type: ignore[call-arg]  # mypy is not smart enough here\n&amp;gt;       raise exception_class(message, screen, stacktrace)\nE       selenium.common.exceptions.NoSuchElementException: Message: no such element: Unable to locate element: {&amp;quot;method&amp;quot;:&amp;quot;css selector&amp;quot;,&amp;quot;selector&amp;quot;:&amp;quot;[name=&amp;quot;loginId&amp;quot;]&amp;quot;}\nE         (Session info: chrome=142.0.7444.134); For documentation on this error, please visit: https://www.selenium.dev/documentation/webdriver/troubleshooting/errors#nosuchelementexception\nE       Stacktrace:\nE       Symbols not available. Dumping unresolved backtrace:\nE       \t0x7ff7af2a7a05\nE       \t0x7ff7af2a7a60\nE       \t0x7ff7af0216ad\nE       \t0x7ff7af07a13e\nE       \t0x7ff7af07a44c\nE       \t0x7ff7af0cebe7\nE       \t0x7ff7af0cb8fb\nE       \t0x7ff7af06b068\nE       \t0x7ff7af06be93\nE       \t0x7ff7af5629a0\nE       \t0x7ff7af55ce20\nE       \t0x7ff7af57cc15\nE       \t0x7ff7af2c309e\nE       \t0x7ff7af2cad8f\nE       \t0x7ff7af2b0be4\nE       \t0x7ff7af2b0d9f\nE       \t0x7ff7af2967f8\nE       \t0x7fff1ac2e8d7\nE       \t0x7fff1b9ac53c\n\nvenv\\Lib\\site-packages\\selenium\\webdriver\\remote\\errorhandler.py:233: NoSuchElementException\n&#34;}], &#34;project_root/tests/test_login_fail.py::test_ACCT007_extreme_password_input&#34;: [{&#34;extras&#34;: [], &#34;result&#34;: &#34;Passed&#34;, &#34;testId&#34;: &#34;project_root/tests/test_login_fail.py::test_ACCT007_extreme_password_input&#34;, &#34;duration&#34;: &#34;00:00:25&#34;, &#34;resultsTableRow&#34;: [&#34;&lt;td class=\&#34;col-result\&#34;&gt;Passed&lt;/td&gt;&#34;, &#34;&lt;td class=\&#34;col-testId\&#34;&gt;project_root/tests/test_login_fail.py::test_ACCT007_extreme_password_input&lt;/td&gt;&#34;, &#34;&lt;td class=\&#34;col-duration\&#34;&gt;00:00:25&lt;/td&gt;&#34;, &#34;&lt;td class=\&#34;col-links\&#34;&gt;&lt;/td&gt;&#34;], &#34;log&#34;: &#34;----------------------------- Captured stdout call -----------------------------\n\u26d4 [FAIL] \ub85c\uadf8\uc778 \uc2e4\ud328 - \uc774\uba54\uc77c \ud639\uc740 \ube44\ubc00\ubc88\ud638 \ubd88\uc77c\uce58\n&#34;}], &#34;project_root/tests/test_login_success.py::test_helpychat_login&#34;: [{&#34;extras&#34;: [], &#34;result&#34;: &#34;Passed&#34;, &#34;testId&#34;: &#34;project_root/tests/test_login_success.py::test_helpychat_login&#34;, &#34;duration&#34;: &#34;00:00:27&#34;, &#34;resultsTableRow&#34;: [&#34;&lt;td class=\&#34;col-result\&#34;&gt;Passed&lt;/td&gt;&#34;, &#34;&lt;td class=\&#34;col-testId\&#34;&gt;project_root/tests/test_login_success.py::test_helpychat_login&lt;/td&gt;&#34;, &#34;&lt;td class=\&#34;col-duration\&#34;&gt;00:00:27&lt;/td&gt;&#34;, &#34;&lt;td class=\&#34;col-links\&#34;&gt;&lt;/td&gt;&#34;], &#34;log&#34;: &#34;----------------------------- Captured stdout call -----------------------------\n\u2705 HelpyChat \ub85c\uadf8\uc778 \uc131\uacf5!\n&#34;}], &#34;project_root/tests/test_logout_success.py::test_ACCT009_logout_success&#34;: [{&#34;extras&#34;: [], &#34;result&#34;: &#34;Error&#34;, &#34;testId&#34;: &#34;project_root/tests/test_logout_success.py::test_ACCT009_logout_success::setup&#34;, &#34;duration&#34;: &#34;00:00:14&#34;, &#34;resultsTableRow&#34;: [&#34;&lt;td class=\&#34;col-result\&#34;&gt;Error&lt;/td&gt;&#34;, &#34;&lt;td class=\&#34;col-testId\&#34;&gt;project_root/tests/test_logout_success.py::test_ACCT009_logout_success::setup&lt;/td&gt;&#34;, &#34;&lt;td class=\&#34;col-duration\&#34;&gt;00:00:14&lt;/td&gt;&#34;, &#34;&lt;td class=\&#34;col-links\&#34;&gt;&lt;/td&gt;&#34;], &#34;log&#34;: &#34;driver = &amp;lt;selenium.webdriver.chrome.webdriver.WebDriver (session=&amp;quot;64ddfc2cb1fc1b3326623721a00715af&amp;quot;)&amp;gt;\n\n    @pytest.fixture\n    def login(driver):\n        &amp;quot;&amp;quot;&amp;quot;HelpyChat \ub85c\uadf8\uc778 fixture&amp;quot;&amp;quot;&amp;quot;\n        login_page = LoginPage(driver)\n        login_page.page_open()\n&amp;gt;       login_page.login()\n\nproject_root\\tests\\conftest.py:42: \n_ _ _ _ _ _ _ _ _ _ _ _ _ _ _ _ _ _ _ _ _ _ _ _ _ _ _ _ _ _ _ _ _ _ _ _ _ _ _ _ _ _ _ _ _ _ _ _ _ _ _ _ _ _ _ _ _ _ _ _ _ _ _ _ _ _ _ _ _ _ _ \nproject_root\\src\\pages\\login_page.py:29: in login\n    self.enter_email(self.config[&amp;quot;login_id&amp;quot;])\nproject_root\\src\\pages\\login_page.py:20: in enter_email\n    self.driver.find_element(*self.email_input).send_keys(email)\n    ^^^^^^^^^^^^^^^^^^^^^^^^^^^^^^^^^^^^^^^^^^^\nvenv\\Lib\\site-packages\\selenium\\webdriver\\remote\\webdriver.py:926: in find_element\n    return self.execute(Command.FIND_ELEMENT, {&amp;quot;using&amp;quot;: by, &amp;quot;value&amp;quot;: value})[&amp;quot;value&amp;quot;]\n           ^^^^^^^^^^^^^^^^^^^^^^^^^^^^^^^^^^^^^^^^^^^^^^^^^^^^^^^^^^^^^^^^^\nvenv\\Lib\\site-packages\\selenium\\webdriver\\remote\\webdriver.py:458: in execute\n    self.error_handler.check_response(response)\n_ _ _ _ _ _ _ _ _ _ _ _ _ _ _ _ _ _ _ _ _ _ _ _ _ _ _ _ _ _ _ _ _ _ _ _ _ _ _ _ _ _ _ _ _ _ _ _ _ _ _ _ _ _ _ _ _ _ _ _ _ _ _ _ _ _ _ _ _ _ _ \n\nself = &amp;lt;selenium.webdriver.remote.errorhandler.ErrorHandler object at 0x000001B373EAD130&amp;gt;\nresponse = {&amp;#x27;status&amp;#x27;: 404, &amp;#x27;value&amp;#x27;: &amp;#x27;{&amp;quot;value&amp;quot;:{&amp;quot;error&amp;quot;:&amp;quot;no such element&amp;quot;,&amp;quot;message&amp;quot;:&amp;quot;no such element: Unable to locate element: {\\...ff7af2cad8f\\\\n\\\\t0x7ff7af2b0be4\\\\n\\\\t0x7ff7af2b0d9f\\\\n\\\\t0x7ff7af2967f8\\\\n\\\\t0x7fff1ac2e8d7\\\\n\\\\t0x7fff1b9ac53c\\\\n&amp;quot;}}&amp;#x27;}\n\n    def check_response(self, response: dict[str, Any]) -&amp;gt; None:\n        &amp;quot;&amp;quot;&amp;quot;Checks that a JSON response from the WebDriver does not have an\n        error.\n    \n        Args:\n            response: The JSON response from the WebDriver server as a dictionary\n                object.\n    \n        Raises:\n            WebDriverException: If the response contains an error message.\n        &amp;quot;&amp;quot;&amp;quot;\n        status = response.get(&amp;quot;status&amp;quot;, None)\n        if not status or status == ErrorCode.SUCCESS:\n            return\n        value = None\n        message = response.get(&amp;quot;message&amp;quot;, &amp;quot;&amp;quot;)\n        screen: str = response.get(&amp;quot;screen&amp;quot;, &amp;quot;&amp;quot;)\n        stacktrace = None\n        if isinstance(status, int):\n            value_json = response.get(&amp;quot;value&amp;quot;, None)\n            if value_json and isinstance(value_json, str):\n                try:\n                    value = json.loads(value_json)\n                    if isinstance(value, dict):\n                        if len(value) == 1:\n                            value = value[&amp;quot;value&amp;quot;]\n                        status = value.get(&amp;quot;error&amp;quot;, None)\n                        if not status:\n                            status = value.get(&amp;quot;status&amp;quot;, ErrorCode.UNKNOWN_ERROR)\n                            message = value.get(&amp;quot;value&amp;quot;) or value.get(&amp;quot;message&amp;quot;)\n                            if not isinstance(message, str):\n                                value = message\n                                message = message.get(&amp;quot;message&amp;quot;) if isinstance(message, dict) else None\n                        else:\n                            message = value.get(&amp;quot;message&amp;quot;, None)\n                except ValueError:\n                    pass\n    \n        exception_class: type[WebDriverException]\n        e = ErrorCode()\n        error_codes = [item for item in dir(e) if not item.startswith(&amp;quot;__&amp;quot;)]\n        for error_code in error_codes:\n            error_info = getattr(ErrorCode, error_code)\n            if isinstance(error_info, list) and status in error_info:\n                exception_class = getattr(ExceptionMapping, error_code, WebDriverException)\n                break\n        else:\n            exception_class = WebDriverException\n    \n        if not value:\n            value = response[&amp;quot;value&amp;quot;]\n        if isinstance(value, str):\n            raise exception_class(value)\n        if message == &amp;quot;&amp;quot; and &amp;quot;message&amp;quot; in value:\n            message = value[&amp;quot;message&amp;quot;]\n    \n        screen = None  # type: ignore[assignment]\n        if &amp;quot;screen&amp;quot; in value:\n            screen = value[&amp;quot;screen&amp;quot;]\n    \n        stacktrace = None\n        st_value = value.get(&amp;quot;stackTrace&amp;quot;) or value.get(&amp;quot;stacktrace&amp;quot;)\n        if st_value:\n            if isinstance(st_value, str):\n                stacktrace = st_value.split(&amp;quot;\\n&amp;quot;)\n            else:\n                stacktrace = []\n                try:\n                    for frame in st_value:\n                        line = frame.get(&amp;quot;lineNumber&amp;quot;, &amp;quot;&amp;quot;)\n                        file = frame.get(&amp;quot;fileName&amp;quot;, &amp;quot;&amp;lt;anonymous&amp;gt;&amp;quot;)\n                        if line:\n                            file = f&amp;quot;{file}:{line}&amp;quot;\n                        meth = frame.get(&amp;quot;methodName&amp;quot;, &amp;quot;&amp;lt;anonymous&amp;gt;&amp;quot;)\n                        if &amp;quot;className&amp;quot; in frame:\n                            meth = f&amp;quot;{frame[&amp;#x27;className&amp;#x27;]}.{meth}&amp;quot;\n                        msg = &amp;quot;    at %s (%s)&amp;quot;\n                        msg = msg % (meth, file)\n                        stacktrace.append(msg)\n                except TypeError:\n                    pass\n        if exception_class == UnexpectedAlertPresentException:\n            alert_text = None\n            if &amp;quot;data&amp;quot; in value:\n                alert_text = value[&amp;quot;data&amp;quot;].get(&amp;quot;text&amp;quot;)\n            elif &amp;quot;alert&amp;quot; in value:\n                alert_text = value[&amp;quot;alert&amp;quot;].get(&amp;quot;text&amp;quot;)\n            raise exception_class(message, screen, stacktrace, alert_text)  # type: ignore[call-arg]  # mypy is not smart enough here\n&amp;gt;       raise exception_class(message, screen, stacktrace)\nE       selenium.common.exceptions.NoSuchElementException: Message: no such element: Unable to locate element: {&amp;quot;method&amp;quot;:&amp;quot;css selector&amp;quot;,&amp;quot;selector&amp;quot;:&amp;quot;[name=&amp;quot;loginId&amp;quot;]&amp;quot;}\nE         (Session info: chrome=142.0.7444.134); For documentation on this error, please visit: https://www.selenium.dev/documentation/webdriver/troubleshooting/errors#nosuchelementexception\nE       Stacktrace:\nE       Symbols not available. Dumping unresolved backtrace:\nE       \t0x7ff7af2a7a05\nE       \t0x7ff7af2a7a60\nE       \t0x7ff7af0216ad\nE       \t0x7ff7af07a13e\nE       \t0x7ff7af07a44c\nE       \t0x7ff7af0cebe7\nE       \t0x7ff7af0cb8fb\nE       \t0x7ff7af06b068\nE       \t0x7ff7af06be93\nE       \t0x7ff7af5629a0\nE       \t0x7ff7af55ce20\nE       \t0x7ff7af57cc15\nE       \t0x7ff7af2c309e\nE       \t0x7ff7af2cad8f\nE       \t0x7ff7af2b0be4\nE       \t0x7ff7af2b0d9f\nE       \t0x7ff7af2967f8\nE       \t0x7fff1ac2e8d7\nE       \t0x7fff1b9ac53c\n\nvenv\\Lib\\site-packages\\selenium\\webdriver\\remote\\errorhandler.py:233: NoSuchElementException\n&#34;}], &#34;project_root/tests/test_my_agent.py::test_CSTM021_my_agent&#34;: [{&#34;extras&#34;: [], &#34;result&#34;: &#34;Passed&#34;, &#34;testId&#34;: &#34;project_root/tests/test_my_agent.py::test_CSTM021_my_agent&#34;, &#34;duration&#34;: &#34;00:00:33&#34;, &#34;resultsTableRow&#34;: [&#34;&lt;td class=\&#34;col-result\&#34;&gt;Passed&lt;/td&gt;&#34;, &#34;&lt;td class=\&#34;col-testId\&#34;&gt;project_root/tests/test_my_agent.py::test_CSTM021_my_agent&lt;/td&gt;&#34;, &#34;&lt;td class=\&#34;col-duration\&#34;&gt;00:00:33&lt;/td&gt;&#34;, &#34;&lt;td class=\&#34;col-links\&#34;&gt;&lt;/td&gt;&#34;], &#34;log&#34;: &#34;No log output captured.&#34;}], &#34;project_root/tests/test_ppt_file_download.py::test_CADV078_ppt_create_and_download&#34;: [{&#34;extras&#34;: [], &#34;result&#34;: &#34;Error&#34;, &#34;testId&#34;: &#34;project_root/tests/test_ppt_file_download.py::test_CADV078_ppt_create_and_download::setup&#34;, &#34;duration&#34;: &#34;00:00:27&#34;, &#34;resultsTableRow&#34;: [&#34;&lt;td class=\&#34;col-result\&#34;&gt;Error&lt;/td&gt;&#34;, &#34;&lt;td class=\&#34;col-testId\&#34;&gt;project_root/tests/test_ppt_file_download.py::test_CADV078_ppt_create_and_download::setup&lt;/td&gt;&#34;, &#34;&lt;td class=\&#34;col-duration\&#34;&gt;00:00:27&lt;/td&gt;&#34;, &#34;&lt;td class=\&#34;col-links\&#34;&gt;&lt;/td&gt;&#34;], &#34;log&#34;: &#34;file C:\\Users\\\uac15\ud574\ub9ac\\team2_project\\project_root\\tests\\test_ppt_file_download.py, line 11\n  def test_CADV078_ppt_create_and_download(driver, login, click_plus, send_test_message):\nE       fixture &amp;#x27;click_plus&amp;#x27; not found\n&amp;gt;       available fixtures: cache, capfd, capfdbinary, caplog, capsys, capsysbinary, capteesys, doctest_namespace, driver, extra, extras, include_metadata_in_junit_xml, login, metadata, monkeypatch, new_agent, pytestconfig, record_property, record_testsuite_property, record_xml_attribute, recwarn, send_test_message, tmp_path, tmp_path_factory, tmpdir, tmpdir_factory\n&amp;gt;       use &amp;#x27;pytest --fixtures [testpath]&amp;#x27; for help on them.\n\nC:\\Users\\\uac15\ud574\ub9ac\\team2_project\\project_root\\tests\\test_ppt_file_download.py:11\n&#34;}], &#34;project_root/tests/test_ppt_making.py::test_CADV068_ppt_create_flow&#34;: [{&#34;extras&#34;: [], &#34;result&#34;: &#34;Error&#34;, &#34;testId&#34;: &#34;project_root/tests/test_ppt_making.py::test_CADV068_ppt_create_flow::setup&#34;, &#34;duration&#34;: &#34;00:00:20&#34;, &#34;resultsTableRow&#34;: [&#34;&lt;td class=\&#34;col-result\&#34;&gt;Error&lt;/td&gt;&#34;, &#34;&lt;td class=\&#34;col-testId\&#34;&gt;project_root/tests/test_ppt_making.py::test_CADV068_ppt_create_flow::setup&lt;/td&gt;&#34;, &#34;&lt;td class=\&#34;col-duration\&#34;&gt;00:00:20&lt;/td&gt;&#34;, &#34;&lt;td class=\&#34;col-links\&#34;&gt;&lt;/td&gt;&#34;], &#34;log&#34;: &#34;file C:\\Users\\\uac15\ud574\ub9ac\\team2_project\\project_root\\tests\\test_ppt_making.py, line 10\n  def test_CADV068_ppt_create_flow(driver, login, click_plus, send_test_message):\nE       fixture &amp;#x27;click_plus&amp;#x27; not found\n&amp;gt;       available fixtures: cache, capfd, capfdbinary, caplog, capsys, capsysbinary, capteesys, doctest_namespace, driver, extra, extras, include_metadata_in_junit_xml, login, metadata, monkeypatch, new_agent, pytestconfig, record_property, record_testsuite_property, record_xml_attribute, recwarn, send_test_message, tmp_path, tmp_path_factory, tmpdir, tmpdir_factory\n&amp;gt;       use &amp;#x27;pytest --fixtures [testpath]&amp;#x27; for help on them.\n\nC:\\Users\\\uac15\ud574\ub9ac\\team2_project\\project_root\\tests\\test_ppt_making.py:10\n&#34;}], &#34;project_root/tests/test_quiz_select_one.py::test_CADV086_quiz_multiple_choice&#34;: [{&#34;extras&#34;: [], &#34;result&#34;: &#34;Error&#34;, &#34;testId&#34;: &#34;project_root/tests/test_quiz_select_one.py::test_CADV086_quiz_multiple_choice::setup&#34;, &#34;duration&#34;: &#34;00:00:20&#34;, &#34;resultsTableRow&#34;: [&#34;&lt;td class=\&#34;col-result\&#34;&gt;Error&lt;/td&gt;&#34;, &#34;&lt;td class=\&#34;col-testId\&#34;&gt;project_root/tests/test_quiz_select_one.py::test_CADV086_quiz_multiple_choice::setup&lt;/td&gt;&#34;, &#34;&lt;td class=\&#34;col-duration\&#34;&gt;00:00:20&lt;/td&gt;&#34;, &#34;&lt;td class=\&#34;col-links\&#34;&gt;&lt;/td&gt;&#34;], &#34;log&#34;: &#34;file C:\\Users\\\uac15\ud574\ub9ac\\team2_project\\project_root\\tests\\test_quiz_select_one.py, line 10\n  def test_CADV086_quiz_multiple_choice(driver, login, click_plus, send_test_message):\nE       fixture &amp;#x27;click_plus&amp;#x27; not found\n&amp;gt;       available fixtures: cache, capfd, capfdbinary, caplog, capsys, capsysbinary, capteesys, doctest_namespace, driver, extra, extras, include_metadata_in_junit_xml, login, metadata, monkeypatch, new_agent, pytestconfig, record_property, record_testsuite_property, record_xml_attribute, recwarn, send_test_message, tmp_path, tmp_path_factory, tmpdir, tmpdir_factory\n&amp;gt;       use &amp;#x27;pytest --fixtures [testpath]&amp;#x27; for help on them.\n\nC:\\Users\\\uac15\ud574\ub9ac\\team2_project\\project_root\\tests\\test_quiz_select_one.py:10\n&#34;}], &#34;project_root/tests/test_quiz_select_two.py::test_CADV088_quiz_multiple_answer&#34;: [{&#34;extras&#34;: [], &#34;result&#34;: &#34;Error&#34;, &#34;testId&#34;: &#34;project_root/tests/test_quiz_select_two.py::test_CADV088_quiz_multiple_answer::setup&#34;, &#34;duration&#34;: &#34;00:00:22&#34;, &#34;resultsTableRow&#34;: [&#34;&lt;td class=\&#34;col-result\&#34;&gt;Error&lt;/td&gt;&#34;, &#34;&lt;td class=\&#34;col-testId\&#34;&gt;project_root/tests/test_quiz_select_two.py::test_CADV088_quiz_multiple_answer::setup&lt;/td&gt;&#34;, &#34;&lt;td class=\&#34;col-duration\&#34;&gt;00:00:22&lt;/td&gt;&#34;, &#34;&lt;td class=\&#34;col-links\&#34;&gt;&lt;/td&gt;&#34;], &#34;log&#34;: &#34;file C:\\Users\\\uac15\ud574\ub9ac\\team2_project\\project_root\\tests\\test_quiz_select_two.py, line 10\n  def test_CADV088_quiz_multiple_answer(driver, login, click_plus, send_test_message):\nE       fixture &amp;#x27;click_plus&amp;#x27; not found\n&amp;gt;       available fixtures: cache, capfd, capfdbinary, caplog, capsys, capsysbinary, capteesys, doctest_namespace, driver, extra, extras, include_metadata_in_junit_xml, login, metadata, monkeypatch, new_agent, pytestconfig, record_property, record_testsuite_property, record_xml_attribute, recwarn, send_test_message, tmp_path, tmp_path_factory, tmpdir, tmpdir_factory\n&amp;gt;       use &amp;#x27;pytest --fixtures [testpath]&amp;#x27; for help on them.\n\nC:\\Users\\\uac15\ud574\ub9ac\\team2_project\\project_root\\tests\\test_quiz_select_two.py:10\n&#34;}], &#34;project_root/tests/test_quiz_text.py::test_CADV089_quiz_subjective_single_answer&#34;: [{&#34;extras&#34;: [], &#34;result&#34;: &#34;Error&#34;, &#34;testId&#34;: &#34;project_root/tests/test_quiz_text.py::test_CADV089_quiz_subjective_single_answer::setup&#34;, &#34;duration&#34;: &#34;00:00:22&#34;, &#34;resultsTableRow&#34;: [&#34;&lt;td class=\&#34;col-result\&#34;&gt;Error&lt;/td&gt;&#34;, &#34;&lt;td class=\&#34;col-testId\&#34;&gt;project_root/tests/test_quiz_text.py::test_CADV089_quiz_subjective_single_answer::setup&lt;/td&gt;&#34;, &#34;&lt;td class=\&#34;col-duration\&#34;&gt;00:00:22&lt;/td&gt;&#34;, &#34;&lt;td class=\&#34;col-links\&#34;&gt;&lt;/td&gt;&#34;], &#34;log&#34;: &#34;file C:\\Users\\\uac15\ud574\ub9ac\\team2_project\\project_root\\tests\\test_quiz_text.py, line 10\n  def test_CADV089_quiz_subjective_single_answer(driver, login, click_plus, send_test_message):\nE       fixture &amp;#x27;click_plus&amp;#x27; not found\n&amp;gt;       available fixtures: cache, capfd, capfdbinary, caplog, capsys, capsysbinary, capteesys, doctest_namespace, driver, extra, extras, include_metadata_in_junit_xml, login, metadata, monkeypatch, new_agent, pytestconfig, record_property, record_testsuite_property, record_xml_attribute, recwarn, send_test_message, tmp_path, tmp_path_factory, tmpdir, tmpdir_factory\n&amp;gt;       use &amp;#x27;pytest --fixtures [testpath]&amp;#x27; for help on them.\n\nC:\\Users\\\uac15\ud574\ub9ac\\team2_project\\project_root\\tests\\test_quiz_text.py:10\n&#34;}], &#34;project_root/tests/test_relogin_success.py::test_ACCT008_relogin_success&#34;: [{&#34;extras&#34;: [], &#34;result&#34;: &#34;Passed&#34;, &#34;testId&#34;: &#34;project_root/tests/test_relogin_success.py::test_ACCT008_relogin_success&#34;, &#34;duration&#34;: &#34;00:00:45&#34;, &#34;resultsTableRow&#34;: [&#34;&lt;td class=\&#34;col-result\&#34;&gt;Passed&lt;/td&gt;&#34;, &#34;&lt;td class=\&#34;col-testId\&#34;&gt;project_root/tests/test_relogin_success.py::test_ACCT008_relogin_success&lt;/td&gt;&#34;, &#34;&lt;td class=\&#34;col-duration\&#34;&gt;00:00:45&lt;/td&gt;&#34;, &#34;&lt;td class=\&#34;col-links\&#34;&gt;&lt;/td&gt;&#34;], &#34;log&#34;: &#34;----------------------------- Captured stdout call -----------------------------\n\u2705 [PASS] \ub85c\uadf8\uc778 \uc131\uacf5\n\u2705 [PASS] \ub85c\uadf8\uc544\uc6c3 \uc131\uacf5\n\u2705 [PASS] \uc7ac\ub85c\uadf8\uc778 \uc131\uacf5\n&#34;}], &#34;project_root/tests/test_search_agent.py::test_HIST020_search_agent&#34;: [{&#34;extras&#34;: [], &#34;result&#34;: &#34;Passed&#34;, &#34;testId&#34;: &#34;project_root/tests/test_search_agent.py::test_HIST020_search_agent&#34;, &#34;duration&#34;: &#34;00:00:43&#34;, &#34;resultsTableRow&#34;: [&#34;&lt;td class=\&#34;col-result\&#34;&gt;Passed&lt;/td&gt;&#34;, &#34;&lt;td class=\&#34;col-testId\&#34;&gt;project_root/tests/test_search_agent.py::test_HIST020_search_agent&lt;/td&gt;&#34;, &#34;&lt;td class=\&#34;col-duration\&#34;&gt;00:00:43&lt;/td&gt;&#34;, &#34;&lt;td class=\&#34;col-links\&#34;&gt;&lt;/td&gt;&#34;], &#34;log&#34;: &#34;----------------------------- Captured stdout call -----------------------------\n\uac80\uc0c9 \uacb0\uacfc: \uc5d8\ub9ac\uc2a4 \uc628\ubcf4\ub529 \ucc57\ubd07\n\uc5d8\ub9ac\uc2a4 \uc628\ubcf4\ub529, AI\ud5ec\ud53c\ucc57\uc774 \uc27d\uac8c \ub3c4\uc640\ub4dc\ub824\uc694.\n\uc791\uc131\uc790: elice\n\u2705 [PASS] \uc5d0\uc774\uc804\ud2b8 \uac80\uc0c9 \uc131\uacf5\n&#34;}], &#34;project_root/tests/test_sum_filesize_over.py::test_CADV0013_sequential_add_files_single_message&#34;: [{&#34;extras&#34;: [], &#34;result&#34;: &#34;Failed&#34;, &#34;testId&#34;: &#34;project_root/tests/test_sum_filesize_over.py::test_CADV0013_sequential_add_files_single_message&#34;, &#34;duration&#34;: &#34;00:00:53&#34;, &#34;resultsTableRow&#34;: [&#34;&lt;td class=\&#34;col-result\&#34;&gt;Failed&lt;/td&gt;&#34;, &#34;&lt;td class=\&#34;col-testId\&#34;&gt;project_root/tests/test_sum_filesize_over.py::test_CADV0013_sequential_add_files_single_message&lt;/td&gt;&#34;, &#34;&lt;td class=\&#34;col-duration\&#34;&gt;00:00:53&lt;/td&gt;&#34;, &#34;&lt;td class=\&#34;col-links\&#34;&gt;&lt;/td&gt;&#34;], &#34;log&#34;: &#34;driver = &amp;lt;selenium.webdriver.chrome.webdriver.WebDriver (session=&amp;quot;684ce84903b050aed857bee8e2ebff9d&amp;quot;)&amp;gt;\nlogin = &amp;lt;src.pages.login_page.LoginPage object at 0x000001B373F0B070&amp;gt;\nsend_test_message = &amp;lt;function send_test_message.&amp;lt;locals&amp;gt;._create_chat at 0x000001B373B03C10&amp;gt;\n\n    def test_CADV0013_sequential_add_files_single_message(driver, login, send_test_message):\n        &amp;quot;&amp;quot;&amp;quot;jpg \ud30c\uc77c 3\uac1c\ub97c \ud558\ub098\uc529 \uc21c\ucc28 \ucca8\ubd80 \ud6c4, \ud55c \uba54\uc2dc\uc9c0\ub85c \uc804\uc1a1\ud558\ub294 \ud14c\uc2a4\ud2b8&amp;quot;&amp;quot;&amp;quot;\n    \n        # \uc124\uc815 \ub85c\ub4dc\n        config = read_config(&amp;quot;helpychat&amp;quot;)\n        base_url = config[&amp;quot;base_url&amp;quot;]\n    \n        # \ub85c\uadf8\uc778 \ud6c4 \ucc44\ud305 \ud398\uc774\uc9c0 \uc9c4\uc785\n        driver.get(base_url)\n        time.sleep(3)\n    \n        chat_page = HelpyChatPage(driver)\n    \n        # \uc5c5\ub85c\ub4dc\ud560 \ud30c\uc77c \ub9ac\uc2a4\ud2b8\n        files = [&amp;quot;18mb.jpg&amp;quot;, &amp;quot;6.05mb.jpg&amp;quot;]\n    \n        # \ud30c\uc77c 2\uac1c\ub97c \ud558\ub098\uc529 \ucca8\ubd80 \ubc84\ud2bc\uc73c\ub85c \ucd94\uac00\n        for filename in files:\n&amp;gt;           chat_page.upload_image(filename)\n\nproject_root\\tests\\test_sum_filesize_over.py:26: \n_ _ _ _ _ _ _ _ _ _ _ _ _ _ _ _ _ _ _ _ _ _ _ _ _ _ _ _ _ _ _ _ _ _ _ _ _ _ _ _ _ _ _ _ _ _ _ _ _ _ _ _ _ _ _ _ _ _ _ _ _ _ _ _ _ _ _ _ _ _ _ \nproject_root\\src\\pages\\image_upload_page.py:21: in upload_image\n    file_input = self.wait.until(\n_ _ _ _ _ _ _ _ _ _ _ _ _ _ _ _ _ _ _ _ _ _ _ _ _ _ _ _ _ _ _ _ _ _ _ _ _ _ _ _ _ _ _ _ _ _ _ _ _ _ _ _ _ _ _ _ _ _ _ _ _ _ _ _ _ _ _ _ _ _ _ \n\nself = &amp;lt;selenium.webdriver.support.wait.WebDriverWait (session=&amp;quot;684ce84903b050aed857bee8e2ebff9d&amp;quot;)&amp;gt;\nmethod = &amp;lt;function presence_of_element_located.&amp;lt;locals&amp;gt;._predicate at 0x000001B3740141A0&amp;gt;, message = &amp;#x27;&amp;#x27;\n\n    def until(self, method: Callable[[D], Union[Literal[False], T]], message: str = &amp;quot;&amp;quot;) -&amp;gt; T:\n        &amp;quot;&amp;quot;&amp;quot;Wait until the method returns a value that is not False.\n    \n        Calls the method provided with the driver as an argument until the\n        return value does not evaluate to ``False``.\n    \n        Parameters:\n        -----------\n        method: callable(WebDriver)\n            - A callable object that takes a WebDriver instance as an argument.\n    \n        message: str\n            - Optional message for :exc:`TimeoutException`\n    \n        Return:\n        -------\n        object: T\n            - The result of the last call to `method`\n    \n        Raises:\n        -------\n        TimeoutException\n            - If &amp;#x27;method&amp;#x27; does not return a truthy value within the WebDriverWait\n            object&amp;#x27;s timeout\n    \n        Example:\n        --------\n        &amp;gt;&amp;gt;&amp;gt; from selenium.webdriver.common.by import By\n        &amp;gt;&amp;gt;&amp;gt; from selenium.webdriver.support.ui import WebDriverWait\n        &amp;gt;&amp;gt;&amp;gt; from selenium.webdriver.support import expected_conditions as EC\n    \n        # Wait until an element is visible on the page\n        &amp;gt;&amp;gt;&amp;gt; wait = WebDriverWait(driver, 10)\n        &amp;gt;&amp;gt;&amp;gt; element = wait.until(EC.visibility_of_element_located((By.ID, &amp;quot;exampleId&amp;quot;)))\n        &amp;gt;&amp;gt;&amp;gt; print(element.text)\n        &amp;quot;&amp;quot;&amp;quot;\n        screen = None\n        stacktrace = None\n    \n        end_time = time.monotonic() + self._timeout\n        while True:\n            try:\n                value = method(self._driver)\n                if value:\n                    return value\n            except self._ignored_exceptions as exc:\n                screen = getattr(exc, &amp;quot;screen&amp;quot;, None)\n                stacktrace = getattr(exc, &amp;quot;stacktrace&amp;quot;, None)\n            if time.monotonic() &amp;gt; end_time:\n                break\n            time.sleep(self._poll)\n&amp;gt;       raise TimeoutException(message, screen, stacktrace)\nE       selenium.common.exceptions.TimeoutException: Message: \nE       Stacktrace:\nE       Symbols not available. Dumping unresolved backtrace:\nE       \t0x7ff7af2a7a05\nE       \t0x7ff7af2a7a60\nE       \t0x7ff7af0216ad\nE       \t0x7ff7af07a13e\nE       \t0x7ff7af07a44c\nE       \t0x7ff7af0cebe7\nE       \t0x7ff7af0cb8fb\nE       \t0x7ff7af06b068\nE       \t0x7ff7af06be93\nE       \t0x7ff7af5629a0\nE       \t0x7ff7af55ce20\nE       \t0x7ff7af57cc15\nE       \t0x7ff7af2c309e\nE       \t0x7ff7af2cad8f\nE       \t0x7ff7af2b0be4\nE       \t0x7ff7af2b0d9f\nE       \t0x7ff7af2967f8\nE       \t0x7fff1ac2e8d7\nE       \t0x7fff1b9ac53c\n\nvenv\\Lib\\site-packages\\selenium\\webdriver\\support\\wait.py:138: TimeoutException\n&#34;}], &#34;project_root/tests/test_various_file_upload.py::test_CADV005_multi_file_upload_single_session&#34;: [{&#34;extras&#34;: [], &#34;result&#34;: &#34;Passed&#34;, &#34;testId&#34;: &#34;project_root/tests/test_various_file_upload.py::test_CADV005_multi_file_upload_single_session&#34;, &#34;duration&#34;: &#34;00:01:07&#34;, &#34;resultsTableRow&#34;: [&#34;&lt;td class=\&#34;col-result\&#34;&gt;Passed&lt;/td&gt;&#34;, &#34;&lt;td class=\&#34;col-testId\&#34;&gt;project_root/tests/test_various_file_upload.py::test_CADV005_multi_file_upload_single_session&lt;/td&gt;&#34;, &#34;&lt;td class=\&#34;col-duration\&#34;&gt;00:01:07&lt;/td&gt;&#34;, &#34;&lt;td class=\&#34;col-links\&#34;&gt;&lt;/td&gt;&#34;], &#34;log&#34;: &#34;----------------------------- Captured stdout call -----------------------------\n\ud83d\udcc2 dogimage.jpg \uc5c5\ub85c\ub4dc \uc2dc\ub3c4 \uc911...\n\u2705 dogimage.jpg \uc5c5\ub85c\ub4dc \uc131\uacf5\n\n\ud83d\udcc2 test.txt \uc5c5\ub85c\ub4dc \uc2dc\ub3c4 \uc911...\n\u2705 test.txt \uc5c5\ub85c\ub4dc \uc131\uacf5\n\n\ud83d\udcc2 testfile2.pdf \uc5c5\ub85c\ub4dc \uc2dc\ub3c4 \uc911...\n\u2705 testfile2.pdf \uc5c5\ub85c\ub4dc \uc131\uacf5\n\n\u2705 \ubaa8\ub4e0 \ud30c\uc77c \uc5c5\ub85c\ub4dc \ud14c\uc2a4\ud2b8 \uc644\ub8cc\n&#34;}]}, &#34;renderCollapsed&#34;: [&#34;passed&#34;], &#34;initialSort&#34;: &#34;result&#34;, &#34;title&#34;: &#34;report.html&#34;}"></div>
    <script>
      (function(){function r(e,n,t){function o(i,f){if(!n[i]){if(!e[i]){var c="function"==typeof require&&require;if(!f&&c)return c(i,!0);if(u)return u(i,!0);var a=new Error("Cannot find module '"+i+"'");throw a.code="MODULE_NOT_FOUND",a}var p=n[i]={exports:{}};e[i][0].call(p.exports,function(r){var n=e[i][1][r];return o(n||r)},p,p.exports,r,e,n,t)}return n[i].exports}for(var u="function"==typeof require&&require,i=0;i<t.length;i++)o(t[i]);return o}return r})()({1:[function(require,module,exports){
const { getCollapsedCategory, setCollapsedIds } = require('./storage.js')

class DataManager {
    setManager(data) {
        const collapsedCategories = [...getCollapsedCategory(data.renderCollapsed)]
        const collapsedIds = []
        const tests = Object.values(data.tests).flat().map((test, index) => {
            const collapsed = collapsedCategories.includes(test.result.toLowerCase())
            const id = `test_${index}`
            if (collapsed) {
                collapsedIds.push(id)
            }
            return {
                ...test,
                id,
                collapsed,
            }
        })
        const dataBlob = { ...data, tests }
        this.data = { ...dataBlob }
        this.renderData = { ...dataBlob }
        setCollapsedIds(collapsedIds)
    }

    get allData() {
        return { ...this.data }
    }

    resetRender() {
        this.renderData = { ...this.data }
    }

    setRender(data) {
        this.renderData.tests = [...data]
    }

    toggleCollapsedItem(id) {
        this.renderData.tests = this.renderData.tests.map((test) =>
            test.id === id ? { ...test, collapsed: !test.collapsed } : test,
        )
    }

    set allCollapsed(collapsed) {
        this.renderData = { ...this.renderData, tests: [...this.renderData.tests.map((test) => (
            { ...test, collapsed }
        ))] }
    }

    get testSubset() {
        return [...this.renderData.tests]
    }

    get environment() {
        return this.renderData.environment
    }

    get initialSort() {
        return this.data.initialSort
    }
}

module.exports = {
    manager: new DataManager(),
}

},{"./storage.js":8}],2:[function(require,module,exports){
const mediaViewer = require('./mediaviewer.js')
const templateEnvRow = document.getElementById('template_environment_row')
const templateResult = document.getElementById('template_results-table__tbody')

function htmlToElements(html) {
    const temp = document.createElement('template')
    temp.innerHTML = html
    return temp.content.childNodes
}

const find = (selector, elem) => {
    if (!elem) {
        elem = document
    }
    return elem.querySelector(selector)
}

const findAll = (selector, elem) => {
    if (!elem) {
        elem = document
    }
    return [...elem.querySelectorAll(selector)]
}

const dom = {
    getStaticRow: (key, value) => {
        const envRow = templateEnvRow.content.cloneNode(true)
        const isObj = typeof value === 'object' && value !== null
        const values = isObj ? Object.keys(value).map((k) => `${k}: ${value[k]}`) : null

        const valuesElement = htmlToElements(
            values ? `<ul>${values.map((val) => `<li>${val}</li>`).join('')}<ul>` : `<div>${value}</div>`)[0]
        const td = findAll('td', envRow)
        td[0].textContent = key
        td[1].appendChild(valuesElement)

        return envRow
    },
    getResultTBody: ({ testId, id, log, extras, resultsTableRow, tableHtml, result, collapsed }) => {
        const resultBody = templateResult.content.cloneNode(true)
        resultBody.querySelector('tbody').classList.add(result.toLowerCase())
        resultBody.querySelector('tbody').id = testId
        resultBody.querySelector('.collapsible').dataset.id = id

        resultsTableRow.forEach((html) => {
            const t = document.createElement('template')
            t.innerHTML = html
            resultBody.querySelector('.collapsible').appendChild(t.content)
        })

        if (log) {
            // Wrap lines starting with "E" with span.error to color those lines red
            const wrappedLog = log.replace(/^E.*$/gm, (match) => `<span class="error">${match}</span>`)
            resultBody.querySelector('.log').innerHTML = wrappedLog
        } else {
            resultBody.querySelector('.log').remove()
        }

        if (collapsed) {
            resultBody.querySelector('.collapsible > td')?.classList.add('collapsed')
            resultBody.querySelector('.extras-row').classList.add('hidden')
        } else {
            resultBody.querySelector('.collapsible > td')?.classList.remove('collapsed')
        }

        const media = []
        extras?.forEach(({ name, format_type, content }) => {
            if (['image', 'video'].includes(format_type)) {
                media.push({ path: content, name, format_type })
            }

            if (format_type === 'html') {
                resultBody.querySelector('.extraHTML').insertAdjacentHTML('beforeend', `<div>${content}</div>`)
            }
        })
        mediaViewer.setup(resultBody, media)

        // Add custom html from the pytest_html_results_table_html hook
        tableHtml?.forEach((item) => {
            resultBody.querySelector('td[class="extra"]').insertAdjacentHTML('beforeend', item)
        })

        return resultBody
    },
}

module.exports = {
    dom,
    htmlToElements,
    find,
    findAll,
}

},{"./mediaviewer.js":6}],3:[function(require,module,exports){
const { manager } = require('./datamanager.js')
const { doSort } = require('./sort.js')
const storageModule = require('./storage.js')

const getFilteredSubSet = (filter) =>
    manager.allData.tests.filter(({ result }) => filter.includes(result.toLowerCase()))

const doInitFilter = () => {
    const currentFilter = storageModule.getVisible()
    const filteredSubset = getFilteredSubSet(currentFilter)
    manager.setRender(filteredSubset)
}

const doFilter = (type, show) => {
    if (show) {
        storageModule.showCategory(type)
    } else {
        storageModule.hideCategory(type)
    }

    const currentFilter = storageModule.getVisible()
    const filteredSubset = getFilteredSubSet(currentFilter)
    manager.setRender(filteredSubset)

    const sortColumn = storageModule.getSort()
    doSort(sortColumn, true)
}

module.exports = {
    doFilter,
    doInitFilter,
}

},{"./datamanager.js":1,"./sort.js":7,"./storage.js":8}],4:[function(require,module,exports){
const { redraw, bindEvents, renderStatic } = require('./main.js')
const { doInitFilter } = require('./filter.js')
const { doInitSort } = require('./sort.js')
const { manager } = require('./datamanager.js')
const data = JSON.parse(document.getElementById('data-container').dataset.jsonblob)

function init() {
    manager.setManager(data)
    doInitFilter()
    doInitSort()
    renderStatic()
    redraw()
    bindEvents()
}

init()

},{"./datamanager.js":1,"./filter.js":3,"./main.js":5,"./sort.js":7}],5:[function(require,module,exports){
const { dom, find, findAll } = require('./dom.js')
const { manager } = require('./datamanager.js')
const { doSort } = require('./sort.js')
const { doFilter } = require('./filter.js')
const {
    getVisible,
    getCollapsedIds,
    setCollapsedIds,
    getSort,
    getSortDirection,
    possibleFilters,
} = require('./storage.js')

const removeChildren = (node) => {
    while (node.firstChild) {
        node.removeChild(node.firstChild)
    }
}

const renderStatic = () => {
    const renderEnvironmentTable = () => {
        const environment = manager.environment
        const rows = Object.keys(environment).map((key) => dom.getStaticRow(key, environment[key]))
        const table = document.getElementById('environment')
        removeChildren(table)
        rows.forEach((row) => table.appendChild(row))
    }
    renderEnvironmentTable()
}

const addItemToggleListener = (elem) => {
    elem.addEventListener('click', ({ target }) => {
        const id = target.parentElement.dataset.id
        manager.toggleCollapsedItem(id)

        const collapsedIds = getCollapsedIds()
        if (collapsedIds.includes(id)) {
            const updated = collapsedIds.filter((item) => item !== id)
            setCollapsedIds(updated)
        } else {
            collapsedIds.push(id)
            setCollapsedIds(collapsedIds)
        }
        redraw()
    })
}

const renderContent = (tests) => {
    const sortAttr = getSort(manager.initialSort)
    const sortAsc = JSON.parse(getSortDirection())
    const rows = tests.map(dom.getResultTBody)
    const table = document.getElementById('results-table')
    const tableHeader = document.getElementById('results-table-head')

    const newTable = document.createElement('table')
    newTable.id = 'results-table'

    // remove all sorting classes and set the relevant
    findAll('.sortable', tableHeader).forEach((elem) => elem.classList.remove('asc', 'desc'))
    tableHeader.querySelector(`.sortable[data-column-type="${sortAttr}"]`)?.classList.add(sortAsc ? 'desc' : 'asc')
    newTable.appendChild(tableHeader)

    if (!rows.length) {
        const emptyTable = document.getElementById('template_results-table__body--empty').content.cloneNode(true)
        newTable.appendChild(emptyTable)
    } else {
        rows.forEach((row) => {
            if (!!row) {
                findAll('.collapsible td:not(.col-links', row).forEach(addItemToggleListener)
                find('.logexpander', row).addEventListener('click',
                    (evt) => evt.target.parentNode.classList.toggle('expanded'),
                )
                newTable.appendChild(row)
            }
        })
    }

    table.replaceWith(newTable)
}

const renderDerived = () => {
    const currentFilter = getVisible()
    possibleFilters.forEach((result) => {
        const input = document.querySelector(`input[data-test-result="${result}"]`)
        input.checked = currentFilter.includes(result)
    })
}

const bindEvents = () => {
    const filterColumn = (evt) => {
        const { target: element } = evt
        const { testResult } = element.dataset

        doFilter(testResult, element.checked)
        const collapsedIds = getCollapsedIds()
        const updated = manager.renderData.tests.map((test) => {
            return {
                ...test,
                collapsed: collapsedIds.includes(test.id),
            }
        })
        manager.setRender(updated)
        redraw()
    }

    const header = document.getElementById('environment-header')
    header.addEventListener('click', () => {
        const table = document.getElementById('environment')
        table.classList.toggle('hidden')
        header.classList.toggle('collapsed')
    })

    findAll('input[name="filter_checkbox"]').forEach((elem) => {
        elem.addEventListener('click', filterColumn)
    })

    findAll('.sortable').forEach((elem) => {
        elem.addEventListener('click', (evt) => {
            const { target: element } = evt
            const { columnType } = element.dataset
            doSort(columnType)
            redraw()
        })
    })

    document.getElementById('show_all_details').addEventListener('click', () => {
        manager.allCollapsed = false
        setCollapsedIds([])
        redraw()
    })
    document.getElementById('hide_all_details').addEventListener('click', () => {
        manager.allCollapsed = true
        const allIds = manager.renderData.tests.map((test) => test.id)
        setCollapsedIds(allIds)
        redraw()
    })
}

const redraw = () => {
    const { testSubset } = manager

    renderContent(testSubset)
    renderDerived()
}

module.exports = {
    redraw,
    bindEvents,
    renderStatic,
}

},{"./datamanager.js":1,"./dom.js":2,"./filter.js":3,"./sort.js":7,"./storage.js":8}],6:[function(require,module,exports){
class MediaViewer {
    constructor(assets) {
        this.assets = assets
        this.index = 0
    }

    nextActive() {
        this.index = this.index === this.assets.length - 1 ? 0 : this.index + 1
        return [this.activeFile, this.index]
    }

    prevActive() {
        this.index = this.index === 0 ? this.assets.length - 1 : this.index -1
        return [this.activeFile, this.index]
    }

    get currentIndex() {
        return this.index
    }

    get activeFile() {
        return this.assets[this.index]
    }
}


const setup = (resultBody, assets) => {
    if (!assets.length) {
        resultBody.querySelector('.media').classList.add('hidden')
        return
    }

    const mediaViewer = new MediaViewer(assets)
    const container = resultBody.querySelector('.media-container')
    const leftArrow = resultBody.querySelector('.media-container__nav--left')
    const rightArrow = resultBody.querySelector('.media-container__nav--right')
    const mediaName = resultBody.querySelector('.media__name')
    const counter = resultBody.querySelector('.media__counter')
    const imageEl = resultBody.querySelector('img')
    const sourceEl = resultBody.querySelector('source')
    const videoEl = resultBody.querySelector('video')

    const setImg = (media, index) => {
        if (media?.format_type === 'image') {
            imageEl.src = media.path

            imageEl.classList.remove('hidden')
            videoEl.classList.add('hidden')
        } else if (media?.format_type === 'video') {
            sourceEl.src = media.path

            videoEl.classList.remove('hidden')
            imageEl.classList.add('hidden')
        }

        mediaName.innerText = media?.name
        counter.innerText = `${index + 1} / ${assets.length}`
    }
    setImg(mediaViewer.activeFile, mediaViewer.currentIndex)

    const moveLeft = () => {
        const [media, index] = mediaViewer.prevActive()
        setImg(media, index)
    }
    const doRight = () => {
        const [media, index] = mediaViewer.nextActive()
        setImg(media, index)
    }
    const openImg = () => {
        window.open(mediaViewer.activeFile.path, '_blank')
    }
    if (assets.length === 1) {
        container.classList.add('media-container--fullscreen')
    } else {
        leftArrow.addEventListener('click', moveLeft)
        rightArrow.addEventListener('click', doRight)
    }
    imageEl.addEventListener('click', openImg)
}

module.exports = {
    setup,
}

},{}],7:[function(require,module,exports){
const { manager } = require('./datamanager.js')
const storageModule = require('./storage.js')

const genericSort = (list, key, ascending, customOrder) => {
    let sorted
    if (customOrder) {
        sorted = list.sort((a, b) => {
            const aValue = a.result.toLowerCase()
            const bValue = b.result.toLowerCase()

            const aIndex = customOrder.findIndex((item) => item.toLowerCase() === aValue)
            const bIndex = customOrder.findIndex((item) => item.toLowerCase() === bValue)

            // Compare the indices to determine the sort order
            return aIndex - bIndex
        })
    } else {
        sorted = list.sort((a, b) => a[key] === b[key] ? 0 : a[key] > b[key] ? 1 : -1)
    }

    if (ascending) {
        sorted.reverse()
    }
    return sorted
}

const durationSort = (list, ascending) => {
    const parseDuration = (duration) => {
        if (duration.includes(':')) {
            // If it's in the format "HH:mm:ss"
            const [hours, minutes, seconds] = duration.split(':').map(Number)
            return (hours * 3600 + minutes * 60 + seconds) * 1000
        } else {
            // If it's in the format "nnn ms"
            return parseInt(duration)
        }
    }
    const sorted = list.sort((a, b) => parseDuration(a['duration']) - parseDuration(b['duration']))
    if (ascending) {
        sorted.reverse()
    }
    return sorted
}

const doInitSort = () => {
    const type = storageModule.getSort(manager.initialSort)
    const ascending = storageModule.getSortDirection()
    const list = manager.testSubset
    const initialOrder = ['Error', 'Failed', 'Rerun', 'XFailed', 'XPassed', 'Skipped', 'Passed']

    storageModule.setSort(type)
    storageModule.setSortDirection(ascending)

    if (type?.toLowerCase() === 'original') {
        manager.setRender(list)
    } else {
        let sortedList
        switch (type) {
        case 'duration':
            sortedList = durationSort(list, ascending)
            break
        case 'result':
            sortedList = genericSort(list, type, ascending, initialOrder)
            break
        default:
            sortedList = genericSort(list, type, ascending)
            break
        }
        manager.setRender(sortedList)
    }
}

const doSort = (type, skipDirection) => {
    const newSortType = storageModule.getSort(manager.initialSort) !== type
    const currentAsc = storageModule.getSortDirection()
    let ascending
    if (skipDirection) {
        ascending = currentAsc
    } else {
        ascending = newSortType ? false : !currentAsc
    }
    storageModule.setSort(type)
    storageModule.setSortDirection(ascending)

    const list = manager.testSubset
    const sortedList = type === 'duration' ? durationSort(list, ascending) : genericSort(list, type, ascending)
    manager.setRender(sortedList)
}

module.exports = {
    doInitSort,
    doSort,
}

},{"./datamanager.js":1,"./storage.js":8}],8:[function(require,module,exports){
const possibleFilters = [
    'passed',
    'skipped',
    'failed',
    'error',
    'xfailed',
    'xpassed',
    'rerun',
]

const getVisible = () => {
    const url = new URL(window.location.href)
    const settings = new URLSearchParams(url.search).get('visible')
    const lower = (item) => {
        const lowerItem = item.toLowerCase()
        if (possibleFilters.includes(lowerItem)) {
            return lowerItem
        }
        return null
    }
    return settings === null ?
        possibleFilters :
        [...new Set(settings?.split(',').map(lower).filter((item) => item))]
}

const hideCategory = (categoryToHide) => {
    const url = new URL(window.location.href)
    const visibleParams = new URLSearchParams(url.search).get('visible')
    const currentVisible = visibleParams ? visibleParams.split(',') : [...possibleFilters]
    const settings = [...new Set(currentVisible)].filter((f) => f !== categoryToHide).join(',')

    url.searchParams.set('visible', settings)
    window.history.pushState({}, null, unescape(url.href))
}

const showCategory = (categoryToShow) => {
    if (typeof window === 'undefined') {
        return
    }
    const url = new URL(window.location.href)
    const currentVisible = new URLSearchParams(url.search).get('visible')?.split(',').filter(Boolean) ||
        [...possibleFilters]
    const settings = [...new Set([categoryToShow, ...currentVisible])]
    const noFilter = possibleFilters.length === settings.length || !settings.length

    noFilter ? url.searchParams.delete('visible') : url.searchParams.set('visible', settings.join(','))
    window.history.pushState({}, null, unescape(url.href))
}

const getSort = (initialSort) => {
    const url = new URL(window.location.href)
    let sort = new URLSearchParams(url.search).get('sort')
    if (!sort) {
        sort = initialSort || 'result'
    }
    return sort
}

const setSort = (type) => {
    const url = new URL(window.location.href)
    url.searchParams.set('sort', type)
    window.history.pushState({}, null, unescape(url.href))
}

const getCollapsedCategory = (renderCollapsed) => {
    let categories
    if (typeof window !== 'undefined') {
        const url = new URL(window.location.href)
        const collapsedItems = new URLSearchParams(url.search).get('collapsed')
        switch (true) {
        case !renderCollapsed && collapsedItems === null:
            categories = ['passed']
            break
        case collapsedItems?.length === 0 || /^["']{2}$/.test(collapsedItems):
            categories = []
            break
        case /^all$/.test(collapsedItems) || collapsedItems === null && /^all$/.test(renderCollapsed):
            categories = [...possibleFilters]
            break
        default:
            categories = collapsedItems?.split(',').map((item) => item.toLowerCase()) || renderCollapsed
            break
        }
    } else {
        categories = []
    }
    return categories
}

const getSortDirection = () => JSON.parse(sessionStorage.getItem('sortAsc')) || false
const setSortDirection = (ascending) => sessionStorage.setItem('sortAsc', ascending)

const getCollapsedIds = () => JSON.parse(sessionStorage.getItem('collapsedIds')) || []
const setCollapsedIds = (list) => sessionStorage.setItem('collapsedIds', JSON.stringify(list))

module.exports = {
    getVisible,
    hideCategory,
    showCategory,
    getCollapsedIds,
    setCollapsedIds,
    getSort,
    setSort,
    getSortDirection,
    setSortDirection,
    getCollapsedCategory,
    possibleFilters,
}

},{}]},{},[4]);
    </script>
  </footer>
</html>