{"name": "test_CBAS020_ans_like", "status": "broken", "statusDetails": {"message": "selenium.common.exceptions.ElementNotInteractableException: Message: element not interactable\n  (Session info: chrome=142.0.7444.162); For documentation on this error, please visit: https://www.selenium.dev/documentation/webdriver/troubleshooting/errors#elementnotinteractableexception\nStacktrace:\n0   chromedriver                        0x0000000103106ecc cxxbridge1$str$ptr + 2941512\n1   chromedriver                        0x00000001030feb88 cxxbridge1$str$ptr + 2907908\n2   chromedriver                        0x0000000102c16114 _RNvCsgXDX2mvAJAg_7___rustc35___rust_no_alloc_shim_is_unstable_v2 + 73608\n3   chromedriver                        0x0000000102c58778 _RNvCsgXDX2mvAJAg_7___rustc35___rust_no_alloc_shim_is_unstable_v2 + 345580\n4   chromedriver                        0x0000000102c5715c _RNvCsgXDX2mvAJAg_7___rustc35___rust_no_alloc_shim_is_unstable_v2 + 339920\n5   chromedriver                        0x0000000102c53504 _RNvCsgXDX2mvAJAg_7___rustc35___rust_no_alloc_shim_is_unstable_v2 + 324472\n6   chromedriver                        0x0000000102c9ed54 _RNvCsgXDX2mvAJAg_7___rustc35___rust_no_alloc_shim_is_unstable_v2 + 633800\n7   chromedriver                        0x0000000102c51ef0 _RNvCsgXDX2mvAJAg_7___rustc35___rust_no_alloc_shim_is_unstable_v2 + 318820\n8   chromedriver                        0x00000001030ca0c8 cxxbridge1$str$ptr + 2692164\n9   chromedriver                        0x00000001030cd8dc cxxbridge1$str$ptr + 2706520\n10  chromedriver                        0x00000001030aa84c cxxbridge1$str$ptr + 2563016\n11  chromedriver                        0x00000001030ce1b4 cxxbridge1$str$ptr + 2708784\n12  chromedriver                        0x000000010309c0f4 cxxbridge1$str$ptr + 2503792\n13  chromedriver                        0x00000001030ed498 cxxbridge1$str$ptr + 2836500\n14  chromedriver                        0x00000001030ed61c cxxbridge1$str$ptr + 2836888\n15  chromedriver                        0x00000001030fe7d8 cxxbridge1$str$ptr + 2906964\n16  libsystem_pthread.dylib             0x0000000186d64c08 _pthread_start + 136\n17  libsystem_pthread.dylib             0x0000000186d5fba8 thread_start + 8", "trace": "driver = <selenium.webdriver.chrome.webdriver.WebDriver (session=\"6f1f39e6ab74e101661f659f69763a89\")>\nlogin = <src.pages.login_page.LoginPage object at 0x109c00180>, send_test_message = <function send_test_message.<locals>._create_chat at 0x109b69260>\n\n    def test_CBAS020_ans_like(driver, login, send_test_message):\n    \n>       send_test_message(\"응답 좋아요 테스트 입니다.\")\n\ntests/test_ans_like.py:12: \n_ _ _ _ _ _ _ _ _ _ _ _ _ _ _ _ _ _ _ _ _ _ _ _ _ _ _ _ _ _ _ _ _ _ _ _ _ _ _ _ _ _ _ _ _ _ _ _ _ _ _ _ _ _ _ _ _ _ _ _ _ _ _ _ _ _ _ _ _ _ _ _ _ _ _ _ _ _ _ _ _ \ntests/conftest.py:52: in _create_chat\n    message_box.send_keys(message)\n../venv/lib/python3.13/site-packages/selenium/webdriver/remote/webelement.py:303: in send_keys\n    self._execute(\n../venv/lib/python3.13/site-packages/selenium/webdriver/remote/webelement.py:572: in _execute\n    return self._parent.execute(command, params)\n           ^^^^^^^^^^^^^^^^^^^^^^^^^^^^^^^^^^^^^\n../venv/lib/python3.13/site-packages/selenium/webdriver/remote/webdriver.py:458: in execute\n    self.error_handler.check_response(response)\n_ _ _ _ _ _ _ _ _ _ _ _ _ _ _ _ _ _ _ _ _ _ _ _ _ _ _ _ _ _ _ _ _ _ _ _ _ _ _ _ _ _ _ _ _ _ _ _ _ _ _ _ _ _ _ _ _ _ _ _ _ _ _ _ _ _ _ _ _ _ _ _ _ _ _ _ _ _ _ _ _ \n\nself = <selenium.webdriver.remote.errorhandler.ErrorHandler object at 0x109aaf5c0>\nresponse = {'status': 400, 'value': '{\"value\":{\"error\":\"element not interactable\",\"message\":\"element not interactable\\\\n  (Sessio...000186d64c08 _pthread_start + 136\\\\n17  libsystem_pthread.dylib             0x0000000186d5fba8 thread_start + 8\\\\n\"}}'}\n\n    def check_response(self, response: dict[str, Any]) -> None:\n        \"\"\"Checks that a JSON response from the WebDriver does not have an\n        error.\n    \n        Args:\n            response: The JSON response from the WebDriver server as a dictionary\n                object.\n    \n        Raises:\n            WebDriverException: If the response contains an error message.\n        \"\"\"\n        status = response.get(\"status\", None)\n        if not status or status == ErrorCode.SUCCESS:\n            return\n        value = None\n        message = response.get(\"message\", \"\")\n        screen: str = response.get(\"screen\", \"\")\n        stacktrace = None\n        if isinstance(status, int):\n            value_json = response.get(\"value\", None)\n            if value_json and isinstance(value_json, str):\n                try:\n                    value = json.loads(value_json)\n                    if isinstance(value, dict):\n                        if len(value) == 1:\n                            value = value[\"value\"]\n                        status = value.get(\"error\", None)\n                        if not status:\n                            status = value.get(\"status\", ErrorCode.UNKNOWN_ERROR)\n                            message = value.get(\"value\") or value.get(\"message\")\n                            if not isinstance(message, str):\n                                value = message\n                                message = message.get(\"message\") if isinstance(message, dict) else None\n                        else:\n                            message = value.get(\"message\", None)\n                except ValueError:\n                    pass\n    \n        exception_class: type[WebDriverException]\n        e = ErrorCode()\n        error_codes = [item for item in dir(e) if not item.startswith(\"__\")]\n        for error_code in error_codes:\n            error_info = getattr(ErrorCode, error_code)\n            if isinstance(error_info, list) and status in error_info:\n                exception_class = getattr(ExceptionMapping, error_code, WebDriverException)\n                break\n        else:\n            exception_class = WebDriverException\n    \n        if not value:\n            value = response[\"value\"]\n        if isinstance(value, str):\n            raise exception_class(value)\n        if message == \"\" and \"message\" in value:\n            message = value[\"message\"]\n    \n        screen = None  # type: ignore[assignment]\n        if \"screen\" in value:\n            screen = value[\"screen\"]\n    \n        stacktrace = None\n        st_value = value.get(\"stackTrace\") or value.get(\"stacktrace\")\n        if st_value:\n            if isinstance(st_value, str):\n                stacktrace = st_value.split(\"\\n\")\n            else:\n                stacktrace = []\n                try:\n                    for frame in st_value:\n                        line = frame.get(\"lineNumber\", \"\")\n                        file = frame.get(\"fileName\", \"<anonymous>\")\n                        if line:\n                            file = f\"{file}:{line}\"\n                        meth = frame.get(\"methodName\", \"<anonymous>\")\n                        if \"className\" in frame:\n                            meth = f\"{frame['className']}.{meth}\"\n                        msg = \"    at %s (%s)\"\n                        msg = msg % (meth, file)\n                        stacktrace.append(msg)\n                except TypeError:\n                    pass\n        if exception_class == UnexpectedAlertPresentException:\n            alert_text = None\n            if \"data\" in value:\n                alert_text = value[\"data\"].get(\"text\")\n            elif \"alert\" in value:\n                alert_text = value[\"alert\"].get(\"text\")\n            raise exception_class(message, screen, stacktrace, alert_text)  # type: ignore[call-arg]  # mypy is not smart enough here\n>       raise exception_class(message, screen, stacktrace)\nE       selenium.common.exceptions.ElementNotInteractableException: Message: element not interactable\nE         (Session info: chrome=142.0.7444.162); For documentation on this error, please visit: https://www.selenium.dev/documentation/webdriver/troubleshooting/errors#elementnotinteractableexception\nE       Stacktrace:\nE       0   chromedriver                        0x0000000103106ecc cxxbridge1$str$ptr + 2941512\nE       1   chromedriver                        0x00000001030feb88 cxxbridge1$str$ptr + 2907908\nE       2   chromedriver                        0x0000000102c16114 _RNvCsgXDX2mvAJAg_7___rustc35___rust_no_alloc_shim_is_unstable_v2 + 73608\nE       3   chromedriver                        0x0000000102c58778 _RNvCsgXDX2mvAJAg_7___rustc35___rust_no_alloc_shim_is_unstable_v2 + 345580\nE       4   chromedriver                        0x0000000102c5715c _RNvCsgXDX2mvAJAg_7___rustc35___rust_no_alloc_shim_is_unstable_v2 + 339920\nE       5   chromedriver                        0x0000000102c53504 _RNvCsgXDX2mvAJAg_7___rustc35___rust_no_alloc_shim_is_unstable_v2 + 324472\nE       6   chromedriver                        0x0000000102c9ed54 _RNvCsgXDX2mvAJAg_7___rustc35___rust_no_alloc_shim_is_unstable_v2 + 633800\nE       7   chromedriver                        0x0000000102c51ef0 _RNvCsgXDX2mvAJAg_7___rustc35___rust_no_alloc_shim_is_unstable_v2 + 318820\nE       8   chromedriver                        0x00000001030ca0c8 cxxbridge1$str$ptr + 2692164\nE       9   chromedriver                        0x00000001030cd8dc cxxbridge1$str$ptr + 2706520\nE       10  chromedriver                        0x00000001030aa84c cxxbridge1$str$ptr + 2563016\nE       11  chromedriver                        0x00000001030ce1b4 cxxbridge1$str$ptr + 2708784\nE       12  chromedriver                        0x000000010309c0f4 cxxbridge1$str$ptr + 2503792\nE       13  chromedriver                        0x00000001030ed498 cxxbridge1$str$ptr + 2836500\nE       14  chromedriver                        0x00000001030ed61c cxxbridge1$str$ptr + 2836888\nE       15  chromedriver                        0x00000001030fe7d8 cxxbridge1$str$ptr + 2906964\nE       16  libsystem_pthread.dylib             0x0000000186d64c08 _pthread_start + 136\nE       17  libsystem_pthread.dylib             0x0000000186d5fba8 thread_start + 8\n\n../venv/lib/python3.13/site-packages/selenium/webdriver/remote/errorhandler.py:233: ElementNotInteractableException"}, "attachments": [{"name": "test_CBAS020_ans_like_11-21-49", "source": "643eb1fe-0509-4560-bcfe-5623920f3ac9-attachment.png", "type": "image/png"}], "start": 1763432509633, "stop": 1763432509701, "uuid": "e6a47cfd-5668-40ad-bb23-bab02c689a43", "historyId": "b172964a203e5d4e0afb798cae00dd56", "testCaseId": "b172964a203e5d4e0afb798cae00dd56", "fullName": "project_root.tests.test_ans_like#test_CBAS020_ans_like", "labels": [{"name": "parentSuite", "value": "project_root.tests"}, {"name": "suite", "value": "test_ans_like"}, {"name": "host", "value": "Yujunui-MacBookPro.local"}, {"name": "thread", "value": "68376-MainThread"}, {"name": "framework", "value": "pytest"}, {"name": "language", "value": "cpython3"}, {"name": "package", "value": "project_root.tests.test_ans_like"}], "titlePath": ["project_root", "tests", "test_ans_like.py"]}